<?xml version="1.0" encoding="utf-8"?><testsuites name="pytest tests"><testsuite name="pytest" errors="0" failures="0" skipped="0" tests="24" time="13.328" timestamp="2026-03-29T21:16:35.307815+00:00" hostname="agent-env-8397ce90-4e79-46d0-9f74-0ff8df0210e1"><testcase classname="backend.tests.test_admin_dashboard.TestAdminAuth" name="test_admin_login_success" time="0.424" /><testcase classname="backend.tests.test_admin_dashboard.TestAdminAuth" name="test_owner_login_success" time="0.373" /><testcase classname="backend.tests.test_admin_dashboard.TestAdminAuth" name="test_renter_login_success" time="0.337" /><testcase classname="backend.tests.test_admin_dashboard.TestAdminDashboard" name="test_admin_dashboard_access" time="0.437" /><testcase classname="backend.tests.test_admin_dashboard.TestAdminDashboard" name="test_dashboard_403_for_owner" time="0.443" /><testcase classname="backend.tests.test_admin_dashboard.TestAdminDashboard" name="test_dashboard_403_for_renter" time="0.475" /><testcase classname="backend.tests.test_admin_dashboard.TestAdminUsers" name="test_get_all_users" time="0.525" /><testcase classname="backend.tests.test_admin_dashboard.TestAdminUsers" name="test_users_403_for_non_admin" time="0.436" /><testcase classname="backend.tests.test_admin_dashboard.TestAdminUsers" name="test_toggle_user_status" time="0.713" /><testcase classname="backend.tests.test_admin_dashboard.TestAdminUsers" name="test_delete_user_creates_and_deletes" time="1.083" /><testcase classname="backend.tests.test_admin_dashboard.TestAdminUsers" name="test_cannot_delete_self" time="0.626" /><testcase classname="backend.tests.test_admin_dashboard.TestAdminProperties" name="test_get_all_properties_with_owner_info" time="0.444" /><testcase classname="backend.tests.test_admin_dashboard.TestAdminProperties" name="test_properties_403_for_non_admin" time="0.462" /><testcase classname="backend.tests.test_admin_dashboard.TestAdminProperties" name="test_toggle_property_status" time="0.645" /><testcase classname="backend.tests.test_admin_dashboard.TestAdminChats" name="test_get_all_chats" time="0.456" /><testcase classname="backend.tests.test_admin_dashboard.TestAdminChats" name="test_chats_403_for_non_admin" time="0.462" /><testcase classname="backend.tests.test_admin_dashboard.TestAdminDocumentServices" name="test_get_all_document_services" time="0.437" /><testcase classname="backend.tests.test_admin_dashboard.TestAdminDocumentServices" name="test_services_403_for_non_admin" time="0.443" /><testcase classname="backend.tests.test_admin_dashboard.TestAdminDocumentServices" name="test_update_service_status" time="1.032" /><testcase classname="backend.tests.test_admin_dashboard.TestAdminDocumentServices" name="test_invalid_status_rejected" time="0.888" /><testcase classname="backend.tests.test_admin_dashboard.TestAdminSettings" name="test_get_site_settings" time="0.444" /><testcase classname="backend.tests.test_admin_dashboard.TestAdminSettings" name="test_settings_403_for_non_admin" time="0.444" /><testcase classname="backend.tests.test_admin_dashboard.TestAdminSettings" name="test_update_site_settings" time="0.682" /><testcase classname="backend.tests.test_admin_dashboard.TestAdminSettings" name="test_update_settings_403_for_non_admin" time="0.417" /></testsuite></testsuites>