<?xml version="1.0" encoding="utf-8"?><testsuites name="pytest tests"><testsuite name="pytest" errors="0" failures="0" skipped="1" tests="7" time="2.383" timestamp="2026-06-13T20:21:59.523180+00:00" hostname="agent-env-4681e42b-468e-4955-9b3c-41ecfd005d3a"><testcase classname="tests.test_admin_bulk_delete_http" name="test_renter_forbidden" time="0.489" /><testcase classname="tests.test_admin_bulk_delete_http" name="test_owner_forbidden" time="0.515" /><testcase classname="tests.test_admin_bulk_delete_http" name="test_no_auth_returns_401_or_403" time="0.156" /><testcase classname="tests.test_admin_bulk_delete_http" name="test_empty_list_returns_400" time="0.425" /><testcase classname="tests.test_admin_bulk_delete_http" name="test_only_unknown_ids_returns_zero_deleted" time="0.096" /><testcase classname="tests.test_admin_bulk_delete_http" name="test_bulk_delete_removes_listings_from_admin_list" time="0.566" /><testcase classname="tests.test_admin_bulk_delete_http" name="test_canonical_test_property_untouched" time="0.102"><skipped type="pytest.skip" message="Canonical fixture missing from DB (pre-existing state, not caused by this test). 86c6e09c-... presence: False">/app/backend/tests/test_admin_bulk_delete_http.py:170: Canonical fixture missing from DB (pre-existing state, not caused by this test). 86c6e09c-... presence: False</skipped></testcase></testsuite></testsuites>