<?xml version="1.0" encoding="utf-8"?><testsuites name="pytest tests"><testsuite name="pytest" errors="0" failures="0" skipped="0" tests="9" time="3.713" timestamp="2026-06-13T20:57:40.384767+00:00" hostname="agent-env-4681e42b-468e-4955-9b3c-41ecfd005d3a"><testcase classname="tests.test_admin_bulk_restore_http" name="test_bulk_delete_returns_snapshot_id" time="1.033" /><testcase classname="tests.test_admin_bulk_restore_http" name="test_bulk_delete_no_snapshot_when_all_skipped" time="0.106" /><testcase classname="tests.test_admin_bulk_restore_http" name="test_bulk_restore_recreates_properties" time="0.811" /><testcase classname="tests.test_admin_bulk_restore_http" name="test_restore_renter_forbidden" time="0.425" /><testcase classname="tests.test_admin_bulk_restore_http" name="test_restore_owner_forbidden" time="0.102" /><testcase classname="tests.test_admin_bulk_restore_http" name="test_restore_no_auth" time="0.094" /><testcase classname="tests.test_admin_bulk_restore_http" name="test_restore_unknown_snapshot_returns_404" time="0.103" /><testcase classname="tests.test_admin_bulk_restore_http" name="test_restore_idempotent_second_call_returns_404" time="0.496" /><testcase classname="tests.test_admin_bulk_restore_http" name="test_restore_includes_featured_membership" time="0.506" /></testsuite></testsuites>