<?xml version="1.0" encoding="utf-8"?><testsuites name="pytest tests"><testsuite name="pytest" errors="0" failures="0" skipped="0" tests="20" time="11.397" timestamp="2026-04-23T19:35:10.332435+00:00" hostname="agent-env-4681e42b-468e-4955-9b3c-41ecfd005d3a"><testcase classname="backend.tests.test_admin_mark_booked.TestAdminAuth" name="test_owner_cannot_mark_booked" time="1.168" /><testcase classname="backend.tests.test_admin_mark_booked.TestAdminAuth" name="test_renter_cannot_mark_booked" time="0.754" /><testcase classname="backend.tests.test_admin_mark_booked.TestAdminAuth" name="test_owner_cannot_list_blocks" time="0.346" /><testcase classname="backend.tests.test_admin_mark_booked.TestAdminAuth" name="test_owner_cannot_bulk_mark" time="0.374" /><testcase classname="backend.tests.test_admin_mark_booked.TestAdminAuth" name="test_no_token_returns_401_or_403" time="0.390" /><testcase classname="backend.tests.test_admin_mark_booked.TestMarkBookedSingle" name="test_mark_indefinite" time="0.612" /><testcase classname="backend.tests.test_admin_mark_booked.TestMarkBookedSingle" name="test_mark_dated_range" time="0.489" /><testcase classname="backend.tests.test_admin_mark_booked.TestMarkBookedSingle" name="test_invalid_end_before_start" time="0.343" /><testcase classname="backend.tests.test_admin_mark_booked.TestMarkBookedSingle" name="test_empty_body_open_ended" time="0.491" /><testcase classname="backend.tests.test_admin_mark_booked.TestMarkBookedSingle" name="test_nonexistent_property_returns_404" time="0.364" /><testcase classname="backend.tests.test_admin_mark_booked.TestDeleteBlock" name="test_delete_removes_block" time="0.806" /><testcase classname="backend.tests.test_admin_mark_booked.TestDeleteBlock" name="test_delete_missing_returns_404" time="0.360" /><testcase classname="backend.tests.test_admin_mark_booked.TestBulkMarkBooked" name="test_bulk_creates_one_per_property" time="1.080" /><testcase classname="backend.tests.test_admin_mark_booked.TestBulkMarkBooked" name="test_bulk_empty_ids_400" time="0.336" /><testcase classname="backend.tests.test_admin_mark_booked.TestBulkMarkBooked" name="test_bulk_skips_nonexistent" time="0.350" /><testcase classname="backend.tests.test_admin_mark_booked.TestAdminPropertiesEnrichment" name="test_enrichment_fields_present_and_reflect_block" time="0.657" /><testcase classname="backend.tests.test_admin_mark_booked.TestPublicSearchFilter" name="test_no_date_filter_still_shows_blocked" time="0.577" /><testcase classname="backend.tests.test_admin_mark_booked.TestPublicSearchFilter" name="test_overlapping_dates_exclude" time="0.610" /><testcase classname="backend.tests.test_admin_mark_booked.TestPublicSearchFilter" name="test_non_overlapping_dates_include" time="0.625" /><testcase classname="backend.tests.test_admin_mark_booked.TestPublicSearchFilter" name="test_indefinite_block_excludes_any_date_range" time="0.607" /></testsuite></testsuites>