<?xml version="1.0" encoding="utf-8"?><testsuites name="pytest tests"><testsuite name="pytest" errors="0" failures="0" skipped="0" tests="18" time="2.482" timestamp="2026-03-30T01:44:06.185914+00:00" hostname="agent-env-8397ce90-4e79-46d0-9f74-0ff8df0210e1"><testcase classname="backend.tests.test_airbnb_filters.TestPriceRangeFilters" name="test_min_price_filter" time="0.228" /><testcase classname="backend.tests.test_airbnb_filters.TestPriceRangeFilters" name="test_max_price_filter" time="0.126" /><testcase classname="backend.tests.test_airbnb_filters.TestPriceRangeFilters" name="test_price_range_filter" time="0.110" /><testcase classname="backend.tests.test_airbnb_filters.TestPriceRangeFilters" name="test_min_price_zero_returns_all" time="0.259" /><testcase classname="backend.tests.test_airbnb_filters.TestBedroomBathroomFilters" name="test_min_bedrooms_filter" time="0.102" /><testcase classname="backend.tests.test_airbnb_filters.TestBedroomBathroomFilters" name="test_min_bathrooms_filter" time="0.111" /><testcase classname="backend.tests.test_airbnb_filters.TestPorchesFloorFilters" name="test_min_porches_filter" time="0.102" /><testcase classname="backend.tests.test_airbnb_filters.TestPorchesFloorFilters" name="test_max_floor_filter" time="0.104" /><testcase classname="backend.tests.test_airbnb_filters.TestElevatorToggle" name="test_has_elevator_true" time="0.120" /><testcase classname="backend.tests.test_airbnb_filters.TestElevatorToggle" name="test_has_elevator_false" time="0.106" /><testcase classname="backend.tests.test_airbnb_filters.TestConditionFilter" name="test_condition_renovated" time="0.115" /><testcase classname="backend.tests.test_airbnb_filters.TestConditionFilter" name="test_condition_good" time="0.118" /><testcase classname="backend.tests.test_airbnb_filters.TestLocationFilter" name="test_area_filter_jerusalem" time="0.110" /><testcase classname="backend.tests.test_airbnb_filters.TestLocationFilter" name="test_area_filter_tel_aviv" time="0.138" /><testcase classname="backend.tests.test_airbnb_filters.TestCombinedFilters" name="test_price_and_bedrooms" time="0.114" /><testcase classname="backend.tests.test_airbnb_filters.TestCombinedFilters" name="test_elevator_and_floor" time="0.111" /><testcase classname="backend.tests.test_airbnb_filters.TestDateFilters" name="test_date_range_filter" time="0.109" /><testcase classname="backend.tests.test_airbnb_filters.TestNoFilters" name="test_get_all_properties" time="0.109" /></testsuite></testsuites>