<?xml version="1.0" encoding="utf-8"?><testsuites name="pytest tests"><testsuite name="pytest" errors="0" failures="0" skipped="0" tests="15" time="4.110" timestamp="2026-04-23T11:44:10.768208+00:00" hostname="agent-env-4681e42b-468e-4955-9b3c-41ecfd005d3a"><testcase classname="tests.test_bulk_upload.TestTemplate" name="test_csv_template" time="0.595" /><testcase classname="tests.test_bulk_upload.TestTemplate" name="test_xlsx_template" time="0.359" /><testcase classname="tests.test_bulk_upload.TestTemplate" name="test_bad_fmt" time="0.104" /><testcase classname="tests.test_bulk_upload.TestParse" name="test_parse_csv" time="0.109" /><testcase classname="tests.test_bulk_upload.TestParse" name="test_parse_xlsx" time="0.358" /><testcase classname="tests.test_bulk_upload.TestParse" name="test_parse_paste_tab" time="0.104" /><testcase classname="tests.test_bulk_upload.TestParse" name="test_parse_paste_comma" time="0.135" /><testcase classname="tests.test_bulk_upload.TestParse" name="test_parse_no_input" time="0.107" /><testcase classname="tests.test_bulk_upload.TestParse" name="test_parse_403_for_renter" time="0.450" /><testcase classname="tests.test_bulk_upload.TestCommit" name="test_commit_creates_and_persists" time="0.588" /><testcase classname="tests.test_bulk_upload.TestCommit" name="test_commit_403_for_renter" time="0.100" /><testcase classname="tests.test_bulk_upload.TestCommit" name="test_commit_skips_invalid" time="0.109" /><testcase classname="tests.test_bulk_upload.TestImages" name="test_images_attach" time="0.320" /><testcase classname="tests.test_bulk_upload.TestImages" name="test_images_403_for_renter" time="0.102" /><testcase classname="tests.test_bulk_upload.TestImages" name="test_images_bad_zip" time="0.526" /></testsuite></testsuites>