<?xml version="1.0" encoding="utf-8"?><testsuites name="pytest tests"><testsuite name="pytest" errors="0" failures="0" skipped="0" tests="14" time="12.191" timestamp="2026-04-27T20:08:32.422998+00:00" hostname="agent-env-4681e42b-468e-4955-9b3c-41ecfd005d3a"><testcase classname="tests.test_bulk_manager.TestBulkEdit" name="test_bulk_edit_applies_whitelisted_and_returns_snapshots" time="1.382" /><testcase classname="tests.test_bulk_manager.TestBulkEdit" name="test_bulk_edit_ignores_non_whitelisted" time="0.945" /><testcase classname="tests.test_bulk_manager.TestBulkEdit" name="test_title_prefix_idempotent" time="1.172" /><testcase classname="tests.test_bulk_manager.TestBulkEdit" name="test_amenities_append_and_replace" time="1.089" /><testcase classname="tests.test_bulk_manager.TestBulkEdit" name="test_ownership_check_forbidden" time="0.985" /><testcase classname="tests.test_bulk_manager.TestBulkEdit" name="test_undo_via_snapshots" time="0.978" /><testcase classname="tests.test_bulk_manager.TestBulkEdit" name="test_empty_update_rejected" time="0.556" /><testcase classname="tests.test_bulk_manager.TestBulkEdit" name="test_no_ids_rejected" time="0.110" /><testcase classname="tests.test_bulk_manager.TestBulkEdit" name="test_admin_can_bulk_edit" time="1.193" /><testcase classname="tests.test_bulk_manager.TestBulkImages" name="test_bulk_images_shared" time="1.367" /><testcase classname="tests.test_bulk_manager.TestBulkImages" name="test_bulk_images_per_property" time="1.000" /><testcase classname="tests.test_bulk_manager.TestBulkImages" name="test_bulk_images_ownership_forbidden" time="0.593" /><testcase classname="tests.test_bulk_manager.TestBulkImages" name="test_bulk_images_no_ids" time="0.145" /><testcase classname="tests.test_bulk_manager" name="test_no_mongo_id_leak" time="0.618" /></testsuite></testsuites>