<?xml version="1.0" encoding="utf-8"?><testsuites name="pytest tests"><testsuite name="pytest" errors="0" failures="0" skipped="0" tests="11" time="7.236" timestamp="2026-04-15T23:05:11.332836+00:00" hostname="agent-env-4681e42b-468e-4955-9b3c-41ecfd005d3a"><testcase classname="backend.tests.test_cancellation.TestCancellationWorkflow" name="test_01_owner_login" time="0.527" /><testcase classname="backend.tests.test_cancellation.TestCancellationWorkflow" name="test_02_renter_login" time="0.391" /><testcase classname="backend.tests.test_cancellation.TestCancellationWorkflow" name="test_03_create_property_with_cancellation_policy" time="0.517" /><testcase classname="backend.tests.test_cancellation.TestCancellationWorkflow" name="test_04_create_booking_without_guest_count" time="0.492" /><testcase classname="backend.tests.test_cancellation.TestCancellationWorkflow" name="test_05_renter_request_cancellation" time="0.569" /><testcase classname="backend.tests.test_cancellation.TestCancellationWorkflow" name="test_06_owner_approve_cancellation" time="0.987" /><testcase classname="backend.tests.test_cancellation.TestCancellationWorkflow" name="test_07_owner_deny_cancellation" time="0.886" /><testcase classname="backend.tests.test_cancellation.TestCancellationWorkflow" name="test_08_owner_direct_cancel" time="0.892" /><testcase classname="backend.tests.test_cancellation.TestCancellationWorkflow" name="test_09_renter_cannot_direct_cancel" time="0.579" /><testcase classname="backend.tests.test_cancellation.TestCancellationWorkflow" name="test_10_cancellation_policy_options" time="0.768" /><testcase classname="backend.tests.test_cancellation.TestBookingWithoutGuestCount" name="test_booking_model_no_guest_count" time="0.449" /></testsuite></testsuites>