<?xml version="1.0" encoding="utf-8"?><testsuites name="pytest tests"><testsuite name="pytest" errors="0" failures="0" skipped="0" tests="15" time="8.785" timestamp="2026-07-14T19:52:20.293024+00:00" hostname="agent-env-4681e42b-468e-4955-9b3c-41ecfd005d3a"><testcase classname="tests.test_email_pipeline.TestSignupLowercase" name="test_signup_stores_lowercase_and_mixed_case_login_works" time="1.193" /><testcase classname="tests.test_email_pipeline.TestSignupLowercase" name="test_legacy_mixed_case_row_still_authenticates" time="0.666" /><testcase classname="tests.test_email_pipeline.TestEmailHealth" name="test_email_health_shape" time="0.538" /><testcase classname="tests.test_email_pipeline.TestEmailHealth" name="test_email_health_forbidden_for_renter" time="0.550" /><testcase classname="tests.test_email_pipeline.TestEmailHealth" name="test_email_health_forbidden_for_owner" time="0.537" /><testcase classname="tests.test_email_pipeline.TestEmailDiagnose" name="test_diagnose_found_owner" time="0.254" /><testcase classname="tests.test_email_pipeline.TestEmailDiagnose" name="test_diagnose_not_found_returns_200" time="0.153" /><testcase classname="tests.test_email_pipeline.TestEmailDiagnose" name="test_diagnose_mixed_case_finds_lowercase_user" time="0.165" /><testcase classname="tests.test_email_pipeline.TestEmailDiagnose" name="test_diagnose_forbidden_for_renter" time="0.170" /><testcase classname="tests.test_email_pipeline.TestEmailDiagnose" name="test_diagnose_forbidden_for_owner" time="0.148" /><testcase classname="tests.test_email_pipeline.TestEmailDiagnose" name="test_diagnose_missing_params_400" time="0.141" /><testcase classname="tests.test_email_pipeline.TestSuppressionRecordsFailure" name="test_suppressed_user_records_failure" time="2.027" /><testcase classname="tests.test_email_pipeline.TestBgEmailStrongRef" name="test_bg_email_tasks_set_exists_in_chat_and_auth" time="1.629" /><testcase classname="tests.test_email_pipeline.TestBgEmailStrongRef" name="test_schedule_bg_email_tracks_task" time="0.001" /><testcase classname="tests.test_email_pipeline.TestBgEmailStrongRef" name="test_three_forgot_password_calls_all_200" time="0.565" /></testsuite></testsuites>