<?xml version="1.0" encoding="utf-8"?><testsuites name="pytest tests"><testsuite name="pytest" errors="0" failures="0" skipped="0" tests="7" time="2.195" timestamp="2026-06-29T12:23:06.505668+00:00" hostname="agent-env-4681e42b-468e-4955-9b3c-41ecfd005d3a"><testcase classname="tests.test_favorites" name="test_liked_property_ids_requires_auth" time="0.308" /><testcase classname="tests.test_favorites" name="test_liked_properties_requires_auth" time="0.132" /><testcase classname="tests.test_favorites" name="test_like_toggle_requires_auth" time="0.290" /><testcase classname="tests.test_favorites" name="test_get_liked_property_ids_authenticated" time="0.479" /><testcase classname="tests.test_favorites" name="test_get_liked_properties_authenticated" time="0.112" /><testcase classname="tests.test_favorites" name="test_toggle_like_full_cycle" time="0.733" /><testcase classname="tests.test_favorites" name="test_like_nonexistent_property" time="0.104" /></testsuite></testsuites>