<?xml version="1.0" encoding="utf-8"?><testsuites name="pytest tests"><testsuite name="pytest" errors="0" failures="0" skipped="0" tests="13" time="2.247" timestamp="2026-03-30T16:21:59.544895+00:00" hostname="agent-env-8397ce90-4e79-46d0-9f74-0ff8df0210e1"><testcase classname="backend.tests.test_ical_integration.TestBlockedDatesEndpoint" name="test_blocked_dates_returns_internal_and_external" time="0.537" /><testcase classname="backend.tests.test_ical_integration.TestBlockedDatesEndpoint" name="test_blocked_dates_no_auth_required" time="0.058" /><testcase classname="backend.tests.test_ical_integration.TestICalExportEndpoint" name="test_ical_export_returns_valid_ical" time="0.057" /><testcase classname="backend.tests.test_ical_integration.TestICalExportEndpoint" name="test_ical_export_no_auth_required" time="0.053" /><testcase classname="backend.tests.test_ical_integration.TestICalExportEndpoint" name="test_ical_export_nonexistent_property" time="0.052" /><testcase classname="backend.tests.test_ical_integration.TestAddICalUrlEndpoint" name="test_add_ical_requires_auth" time="0.060" /><testcase classname="backend.tests.test_ical_integration.TestAddICalUrlEndpoint" name="test_add_ical_rejects_non_vacation" time="0.105" /><testcase classname="backend.tests.test_ical_integration.TestAddICalUrlEndpoint" name="test_add_ical_with_valid_auth" time="0.460" /><testcase classname="backend.tests.test_ical_integration.TestRemoveICalUrlEndpoint" name="test_remove_ical_requires_auth" time="0.052" /><testcase classname="backend.tests.test_ical_integration.TestManualSyncEndpoint" name="test_manual_sync_requires_auth" time="0.052" /><testcase classname="backend.tests.test_ical_integration.TestManualSyncEndpoint" name="test_manual_sync_with_valid_auth" time="0.228" /><testcase classname="backend.tests.test_ical_integration.TestDateFilterWithExternalBookings" name="test_date_filter_works" time="0.061" /><testcase classname="backend.tests.test_ical_integration.TestPropertyCreationWithRentalType" name="test_create_vacation_property" time="0.293" /></testsuite></testsuites>