<?xml version="1.0" encoding="utf-8"?><testsuites name="pytest tests"><testsuite name="pytest" errors="0" failures="0" skipped="0" tests="13" time="5.454" timestamp="2026-04-27T20:49:27.519645+00:00" hostname="agent-env-4681e42b-468e-4955-9b3c-41ecfd005d3a"><testcase classname="tests.test_response_models_regression.TestOpenAPI" name="test_openapi_schema_counts" time="0.048" /><testcase classname="tests.test_response_models_regression.TestAuth" name="test_login_shape" time="0.488" /><testcase classname="tests.test_response_models_regression.TestAuth" name="test_me_full_payload" time="0.444" /><testcase classname="tests.test_response_models_regression.TestAuth" name="test_login_invalid" time="0.128" /><testcase classname="tests.test_response_models_regression.TestProperties" name="test_list_properties_enriched" time="0.163" /><testcase classname="tests.test_response_models_regression.TestProperties" name="test_get_property_by_id_with_owner_enrich" time="0.212" /><testcase classname="tests.test_response_models_regression.TestBookings" name="test_create_booking_flow" time="0.589" /><testcase classname="tests.test_response_models_regression.TestBookings" name="test_admin_list_bookings" time="0.524" /><testcase classname="tests.test_response_models_regression.TestBulkEndpoints" name="test_bulk_edit_shape" time="0.671" /><testcase classname="tests.test_response_models_regression.TestBulkEndpoints" name="test_bulk_images_shape" time="0.695" /><testcase classname="tests.test_response_models_regression.TestAdmin" name="test_admin_dashboard_all_keys" time="0.462" /><testcase classname="tests.test_response_models_regression.TestAdmin" name="test_admin_properties_enrichment" time="0.503" /><testcase classname="tests.test_response_models_regression.TestBulkUpload" name="test_bulk_parse_shape" time="0.479" /></testsuite></testsuites>