<?xml version="1.0" encoding="utf-8"?><testsuites name="pytest tests"><testsuite name="pytest" errors="59" failures="49" skipped="0" tests="217" time="157.632" timestamp="2026-04-27T20:49:36.666933+00:00" hostname="agent-env-4681e42b-468e-4955-9b3c-41ecfd005d3a"><testcase classname="tests.test_admin_dashboard.TestAdminAuth" name="test_admin_login_success" time="0.001"><failure message="requests.exceptions.MissingSchema: Invalid URL '/api/auth/login': No scheme supplied. Perhaps you meant https:///api/auth/login?">E   requests.exceptions.MissingSchema: Invalid URL '/api/auth/login': No scheme supplied. Perhaps you meant https:///api/auth/login?</failure></testcase><testcase classname="tests.test_admin_dashboard.TestAdminAuth" name="test_owner_login_success" time="0.000"><failure message="requests.exceptions.MissingSchema: Invalid URL '/api/auth/login': No scheme supplied. Perhaps you meant https:///api/auth/login?">E   requests.exceptions.MissingSchema: Invalid URL '/api/auth/login': No scheme supplied. Perhaps you meant https:///api/auth/login?</failure></testcase><testcase classname="tests.test_admin_dashboard.TestAdminAuth" name="test_renter_login_success" time="0.000"><failure message="requests.exceptions.MissingSchema: Invalid URL '/api/auth/login': No scheme supplied. Perhaps you meant https:///api/auth/login?">E   requests.exceptions.MissingSchema: Invalid URL '/api/auth/login': No scheme supplied. Perhaps you meant https:///api/auth/login?</failure></testcase><testcase classname="tests.test_admin_dashboard.TestAdminDashboard" name="test_admin_dashboard_access" time="0.000"><error message="failed on setup with &quot;requests.exceptions.MissingSchema: Invalid URL '/api/auth/login': No scheme supplied. Perhaps you meant https:///api/auth/login?&quot;">E   requests.exceptions.MissingSchema: Invalid URL '/api/auth/login': No scheme supplied. Perhaps you meant https:///api/auth/login?</error></testcase><testcase classname="tests.test_admin_dashboard.TestAdminDashboard" name="test_dashboard_403_for_owner" time="0.000"><error message="failed on setup with &quot;requests.exceptions.MissingSchema: Invalid URL '/api/auth/login': No scheme supplied. Perhaps you meant https:///api/auth/login?&quot;">E   requests.exceptions.MissingSchema: Invalid URL '/api/auth/login': No scheme supplied. Perhaps you meant https:///api/auth/login?</error></testcase><testcase classname="tests.test_admin_dashboard.TestAdminDashboard" name="test_dashboard_403_for_renter" time="0.000"><error message="failed on setup with &quot;requests.exceptions.MissingSchema: Invalid URL '/api/auth/login': No scheme supplied. Perhaps you meant https:///api/auth/login?&quot;">E   requests.exceptions.MissingSchema: Invalid URL '/api/auth/login': No scheme supplied. Perhaps you meant https:///api/auth/login?</error></testcase><testcase classname="tests.test_admin_dashboard.TestAdminUsers" name="test_get_all_users" time="0.000"><error message="failed on setup with &quot;requests.exceptions.MissingSchema: Invalid URL '/api/auth/login': No scheme supplied. Perhaps you meant https:///api/auth/login?&quot;">E   requests.exceptions.MissingSchema: Invalid URL '/api/auth/login': No scheme supplied. Perhaps you meant https:///api/auth/login?</error></testcase><testcase classname="tests.test_admin_dashboard.TestAdminUsers" name="test_users_403_for_non_admin" time="0.000"><error message="failed on setup with &quot;requests.exceptions.MissingSchema: Invalid URL '/api/auth/login': No scheme supplied. Perhaps you meant https:///api/auth/login?&quot;">E   requests.exceptions.MissingSchema: Invalid URL '/api/auth/login': No scheme supplied. Perhaps you meant https:///api/auth/login?</error></testcase><testcase classname="tests.test_admin_dashboard.TestAdminUsers" name="test_toggle_user_status" time="0.000"><error message="failed on setup with &quot;requests.exceptions.MissingSchema: Invalid URL '/api/auth/login': No scheme supplied. Perhaps you meant https:///api/auth/login?&quot;">E   requests.exceptions.MissingSchema: Invalid URL '/api/auth/login': No scheme supplied. Perhaps you meant https:///api/auth/login?</error></testcase><testcase classname="tests.test_admin_dashboard.TestAdminUsers" name="test_delete_user_creates_and_deletes" time="0.000"><error message="failed on setup with &quot;requests.exceptions.MissingSchema: Invalid URL '/api/auth/login': No scheme supplied. Perhaps you meant https:///api/auth/login?&quot;">E   requests.exceptions.MissingSchema: Invalid URL '/api/auth/login': No scheme supplied. Perhaps you meant https:///api/auth/login?</error></testcase><testcase classname="tests.test_admin_dashboard.TestAdminUsers" name="test_cannot_delete_self" time="0.000"><error message="failed on setup with &quot;requests.exceptions.MissingSchema: Invalid URL '/api/auth/login': No scheme supplied. Perhaps you meant https:///api/auth/login?&quot;">E   requests.exceptions.MissingSchema: Invalid URL '/api/auth/login': No scheme supplied. Perhaps you meant https:///api/auth/login?</error></testcase><testcase classname="tests.test_admin_dashboard.TestAdminProperties" name="test_get_all_properties_with_owner_info" time="0.000"><error message="failed on setup with &quot;requests.exceptions.MissingSchema: Invalid URL '/api/auth/login': No scheme supplied. Perhaps you meant https:///api/auth/login?&quot;">E   requests.exceptions.MissingSchema: Invalid URL '/api/auth/login': No scheme supplied. Perhaps you meant https:///api/auth/login?</error></testcase><testcase classname="tests.test_admin_dashboard.TestAdminProperties" name="test_properties_403_for_non_admin" time="0.000"><error message="failed on setup with &quot;requests.exceptions.MissingSchema: Invalid URL '/api/auth/login': No scheme supplied. Perhaps you meant https:///api/auth/login?&quot;">E   requests.exceptions.MissingSchema: Invalid URL '/api/auth/login': No scheme supplied. Perhaps you meant https:///api/auth/login?</error></testcase><testcase classname="tests.test_admin_dashboard.TestAdminProperties" name="test_toggle_property_status" time="0.000"><error message="failed on setup with &quot;requests.exceptions.MissingSchema: Invalid URL '/api/auth/login': No scheme supplied. Perhaps you meant https:///api/auth/login?&quot;">E   requests.exceptions.MissingSchema: Invalid URL '/api/auth/login': No scheme supplied. Perhaps you meant https:///api/auth/login?</error></testcase><testcase classname="tests.test_admin_dashboard.TestAdminChats" name="test_get_all_chats" time="0.000"><error message="failed on setup with &quot;requests.exceptions.MissingSchema: Invalid URL '/api/auth/login': No scheme supplied. Perhaps you meant https:///api/auth/login?&quot;">E   requests.exceptions.MissingSchema: Invalid URL '/api/auth/login': No scheme supplied. Perhaps you meant https:///api/auth/login?</error></testcase><testcase classname="tests.test_admin_dashboard.TestAdminChats" name="test_chats_403_for_non_admin" time="0.000"><error message="failed on setup with &quot;requests.exceptions.MissingSchema: Invalid URL '/api/auth/login': No scheme supplied. Perhaps you meant https:///api/auth/login?&quot;">E   requests.exceptions.MissingSchema: Invalid URL '/api/auth/login': No scheme supplied. Perhaps you meant https:///api/auth/login?</error></testcase><testcase classname="tests.test_admin_dashboard.TestAdminDocumentServices" name="test_get_all_document_services" time="0.000"><error message="failed on setup with &quot;requests.exceptions.MissingSchema: Invalid URL '/api/auth/login': No scheme supplied. Perhaps you meant https:///api/auth/login?&quot;">E   requests.exceptions.MissingSchema: Invalid URL '/api/auth/login': No scheme supplied. Perhaps you meant https:///api/auth/login?</error></testcase><testcase classname="tests.test_admin_dashboard.TestAdminDocumentServices" name="test_services_403_for_non_admin" time="0.000"><error message="failed on setup with &quot;requests.exceptions.MissingSchema: Invalid URL '/api/auth/login': No scheme supplied. Perhaps you meant https:///api/auth/login?&quot;">E   requests.exceptions.MissingSchema: Invalid URL '/api/auth/login': No scheme supplied. Perhaps you meant https:///api/auth/login?</error></testcase><testcase classname="tests.test_admin_dashboard.TestAdminDocumentServices" name="test_update_service_status" time="0.000"><error message="failed on setup with &quot;requests.exceptions.MissingSchema: Invalid URL '/api/auth/login': No scheme supplied. Perhaps you meant https:///api/auth/login?&quot;">E   requests.exceptions.MissingSchema: Invalid URL '/api/auth/login': No scheme supplied. Perhaps you meant https:///api/auth/login?</error></testcase><testcase classname="tests.test_admin_dashboard.TestAdminDocumentServices" name="test_invalid_status_rejected" time="0.000"><error message="failed on setup with &quot;requests.exceptions.MissingSchema: Invalid URL '/api/auth/login': No scheme supplied. Perhaps you meant https:///api/auth/login?&quot;">E   requests.exceptions.MissingSchema: Invalid URL '/api/auth/login': No scheme supplied. Perhaps you meant https:///api/auth/login?</error></testcase><testcase classname="tests.test_admin_dashboard.TestAdminSettings" name="test_get_site_settings" time="0.000"><error message="failed on setup with &quot;requests.exceptions.MissingSchema: Invalid URL '/api/auth/login': No scheme supplied. Perhaps you meant https:///api/auth/login?&quot;">E   requests.exceptions.MissingSchema: Invalid URL '/api/auth/login': No scheme supplied. Perhaps you meant https:///api/auth/login?</error></testcase><testcase classname="tests.test_admin_dashboard.TestAdminSettings" name="test_settings_403_for_non_admin" time="0.000"><error message="failed on setup with &quot;requests.exceptions.MissingSchema: Invalid URL '/api/auth/login': No scheme supplied. Perhaps you meant https:///api/auth/login?&quot;">E   requests.exceptions.MissingSchema: Invalid URL '/api/auth/login': No scheme supplied. Perhaps you meant https:///api/auth/login?</error></testcase><testcase classname="tests.test_admin_dashboard.TestAdminSettings" name="test_update_site_settings" time="0.000"><error message="failed on setup with &quot;requests.exceptions.MissingSchema: Invalid URL '/api/auth/login': No scheme supplied. Perhaps you meant https:///api/auth/login?&quot;">E   requests.exceptions.MissingSchema: Invalid URL '/api/auth/login': No scheme supplied. Perhaps you meant https:///api/auth/login?</error></testcase><testcase classname="tests.test_admin_dashboard.TestAdminSettings" name="test_update_settings_403_for_non_admin" time="0.000"><error message="failed on setup with &quot;requests.exceptions.MissingSchema: Invalid URL '/api/auth/login': No scheme supplied. Perhaps you meant https:///api/auth/login?&quot;">E   requests.exceptions.MissingSchema: Invalid URL '/api/auth/login': No scheme supplied. Perhaps you meant https:///api/auth/login?</error></testcase><testcase classname="tests.test_admin_mark_booked.TestAdminAuth" name="test_owner_cannot_mark_booked" time="1.041" /><testcase classname="tests.test_admin_mark_booked.TestAdminAuth" name="test_renter_cannot_mark_booked" time="0.730" /><testcase classname="tests.test_admin_mark_booked.TestAdminAuth" name="test_owner_cannot_list_blocks" time="0.365" /><testcase classname="tests.test_admin_mark_booked.TestAdminAuth" name="test_owner_cannot_bulk_mark" time="0.329" /><testcase classname="tests.test_admin_mark_booked.TestAdminAuth" name="test_no_token_returns_401_or_403" time="1.231" /><testcase classname="tests.test_admin_mark_booked.TestMarkBookedSingle" name="test_mark_indefinite" time="0.682" /><testcase classname="tests.test_admin_mark_booked.TestMarkBookedSingle" name="test_mark_dated_range" time="0.503" /><testcase classname="tests.test_admin_mark_booked.TestMarkBookedSingle" name="test_invalid_end_before_start" time="0.380" /><testcase classname="tests.test_admin_mark_booked.TestMarkBookedSingle" name="test_empty_body_open_ended" time="0.528" /><testcase classname="tests.test_admin_mark_booked.TestMarkBookedSingle" name="test_nonexistent_property_returns_404" time="0.379" /><testcase classname="tests.test_admin_mark_booked.TestDeleteBlock" name="test_delete_removes_block" time="0.612" /><testcase classname="tests.test_admin_mark_booked.TestDeleteBlock" name="test_delete_missing_returns_404" time="0.322" /><testcase classname="tests.test_admin_mark_booked.TestBulkMarkBooked" name="test_bulk_creates_one_per_property" time="1.057" /><testcase classname="tests.test_admin_mark_booked.TestBulkMarkBooked" name="test_bulk_empty_ids_400" time="0.390" /><testcase classname="tests.test_admin_mark_booked.TestBulkMarkBooked" name="test_bulk_skips_nonexistent" time="0.393" /><testcase classname="tests.test_admin_mark_booked.TestAdminPropertiesEnrichment" name="test_enrichment_fields_present_and_reflect_block" time="0.608" /><testcase classname="tests.test_admin_mark_booked.TestPublicSearchFilter" name="test_no_date_filter_still_shows_blocked" time="1.059" /><testcase classname="tests.test_admin_mark_booked.TestPublicSearchFilter" name="test_overlapping_dates_exclude" time="0.615" /><testcase classname="tests.test_admin_mark_booked.TestPublicSearchFilter" name="test_non_overlapping_dates_include" time="0.638" /><testcase classname="tests.test_admin_mark_booked.TestPublicSearchFilter" name="test_indefinite_block_excludes_any_date_range" time="0.578" /><testcase classname="tests.test_airbnb_filters.TestPriceRangeFilters" name="test_min_price_filter" time="0.000"><failure message="requests.exceptions.MissingSchema: Invalid URL '/api/properties?min_price=5000': No scheme supplied. Perhaps you meant https:///api/properties?min_price=5000?">E   requests.exceptions.MissingSchema: Invalid URL '/api/properties?min_price=5000': No scheme supplied. Perhaps you meant https:///api/properties?min_price=5000?</failure></testcase><testcase classname="tests.test_airbnb_filters.TestPriceRangeFilters" name="test_max_price_filter" time="0.000"><failure message="requests.exceptions.MissingSchema: Invalid URL '/api/properties?max_price=10000': No scheme supplied. Perhaps you meant https:///api/properties?max_price=10000?">E   requests.exceptions.MissingSchema: Invalid URL '/api/properties?max_price=10000': No scheme supplied. Perhaps you meant https:///api/properties?max_price=10000?</failure></testcase><testcase classname="tests.test_airbnb_filters.TestPriceRangeFilters" name="test_price_range_filter" time="0.000"><failure message="requests.exceptions.MissingSchema: Invalid URL '/api/properties?min_price=5000&amp;max_price=10000': No scheme supplied. Perhaps you meant https:///api/properties?min_price=5000&amp;max_price=10000?">E   requests.exceptions.MissingSchema: Invalid URL '/api/properties?min_price=5000&amp;max_price=10000': No scheme supplied. Perhaps you meant https:///api/properties?min_price=5000&amp;max_price=10000?</failure></testcase><testcase classname="tests.test_airbnb_filters.TestPriceRangeFilters" name="test_min_price_zero_returns_all" time="0.000"><failure message="requests.exceptions.MissingSchema: Invalid URL '/api/properties': No scheme supplied. Perhaps you meant https:///api/properties?">E   requests.exceptions.MissingSchema: Invalid URL '/api/properties': No scheme supplied. Perhaps you meant https:///api/properties?</failure></testcase><testcase classname="tests.test_airbnb_filters.TestBedroomBathroomFilters" name="test_min_bedrooms_filter" time="0.000"><failure message="requests.exceptions.MissingSchema: Invalid URL '/api/properties?min_bedrooms=3': No scheme supplied. Perhaps you meant https:///api/properties?min_bedrooms=3?">E   requests.exceptions.MissingSchema: Invalid URL '/api/properties?min_bedrooms=3': No scheme supplied. Perhaps you meant https:///api/properties?min_bedrooms=3?</failure></testcase><testcase classname="tests.test_airbnb_filters.TestBedroomBathroomFilters" name="test_min_bathrooms_filter" time="0.000"><failure message="requests.exceptions.MissingSchema: Invalid URL '/api/properties?min_bathrooms=2': No scheme supplied. Perhaps you meant https:///api/properties?min_bathrooms=2?">E   requests.exceptions.MissingSchema: Invalid URL '/api/properties?min_bathrooms=2': No scheme supplied. Perhaps you meant https:///api/properties?min_bathrooms=2?</failure></testcase><testcase classname="tests.test_airbnb_filters.TestPorchesFloorFilters" name="test_min_porches_filter" time="0.000"><failure message="requests.exceptions.MissingSchema: Invalid URL '/api/properties?min_porches=1': No scheme supplied. Perhaps you meant https:///api/properties?min_porches=1?">E   requests.exceptions.MissingSchema: Invalid URL '/api/properties?min_porches=1': No scheme supplied. Perhaps you meant https:///api/properties?min_porches=1?</failure></testcase><testcase classname="tests.test_airbnb_filters.TestPorchesFloorFilters" name="test_max_floor_filter" time="0.000"><failure message="requests.exceptions.MissingSchema: Invalid URL '/api/properties?max_floor=3': No scheme supplied. Perhaps you meant https:///api/properties?max_floor=3?">E   requests.exceptions.MissingSchema: Invalid URL '/api/properties?max_floor=3': No scheme supplied. Perhaps you meant https:///api/properties?max_floor=3?</failure></testcase><testcase classname="tests.test_airbnb_filters.TestElevatorToggle" name="test_has_elevator_true" time="0.000"><failure message="requests.exceptions.MissingSchema: Invalid URL '/api/properties?has_elevator=true': No scheme supplied. Perhaps you meant https:///api/properties?has_elevator=true?">E   requests.exceptions.MissingSchema: Invalid URL '/api/properties?has_elevator=true': No scheme supplied. Perhaps you meant https:///api/properties?has_elevator=true?</failure></testcase><testcase classname="tests.test_airbnb_filters.TestElevatorToggle" name="test_has_elevator_false" time="0.000"><failure message="requests.exceptions.MissingSchema: Invalid URL '/api/properties?has_elevator=false': No scheme supplied. Perhaps you meant https:///api/properties?has_elevator=false?">E   requests.exceptions.MissingSchema: Invalid URL '/api/properties?has_elevator=false': No scheme supplied. Perhaps you meant https:///api/properties?has_elevator=false?</failure></testcase><testcase classname="tests.test_airbnb_filters.TestConditionFilter" name="test_condition_renovated" time="0.000"><failure message="requests.exceptions.MissingSchema: Invalid URL '/api/properties?condition=renovated': No scheme supplied. Perhaps you meant https:///api/properties?condition=renovated?">E   requests.exceptions.MissingSchema: Invalid URL '/api/properties?condition=renovated': No scheme supplied. Perhaps you meant https:///api/properties?condition=renovated?</failure></testcase><testcase classname="tests.test_airbnb_filters.TestConditionFilter" name="test_condition_good" time="0.000"><failure message="requests.exceptions.MissingSchema: Invalid URL '/api/properties?condition=good': No scheme supplied. Perhaps you meant https:///api/properties?condition=good?">E   requests.exceptions.MissingSchema: Invalid URL '/api/properties?condition=good': No scheme supplied. Perhaps you meant https:///api/properties?condition=good?</failure></testcase><testcase classname="tests.test_airbnb_filters.TestLocationFilter" name="test_area_filter_jerusalem" time="0.000"><failure message="requests.exceptions.MissingSchema: Invalid URL '/api/properties?area=Jerusalem': No scheme supplied. Perhaps you meant https:///api/properties?area=Jerusalem?">E   requests.exceptions.MissingSchema: Invalid URL '/api/properties?area=Jerusalem': No scheme supplied. Perhaps you meant https:///api/properties?area=Jerusalem?</failure></testcase><testcase classname="tests.test_airbnb_filters.TestLocationFilter" name="test_area_filter_tel_aviv" time="0.000"><failure message="requests.exceptions.MissingSchema: Invalid URL '/api/properties?area=Tel Aviv': No scheme supplied. Perhaps you meant https:///api/properties?area=Tel Aviv?">E   requests.exceptions.MissingSchema: Invalid URL '/api/properties?area=Tel Aviv': No scheme supplied. Perhaps you meant https:///api/properties?area=Tel Aviv?</failure></testcase><testcase classname="tests.test_airbnb_filters.TestCombinedFilters" name="test_price_and_bedrooms" time="0.000"><failure message="requests.exceptions.MissingSchema: Invalid URL '/api/properties?min_price=5000&amp;max_price=10000&amp;min_bedrooms=2': No scheme supplied. Perhaps you meant https:///api/properties?min_price=5000&amp;max_price=10000&amp;min_bedrooms=2?">E   requests.exceptions.MissingSchema: Invalid URL '/api/properties?min_price=5000&amp;max_price=10000&amp;min_bedrooms=2': No scheme supplied. Perhaps you meant https:///api/properties?min_price=5000&amp;max_price=10000&amp;min_bedrooms=2?</failure></testcase><testcase classname="tests.test_airbnb_filters.TestCombinedFilters" name="test_elevator_and_floor" time="0.000"><failure message="requests.exceptions.MissingSchema: Invalid URL '/api/properties?has_elevator=true&amp;max_floor=5': No scheme supplied. Perhaps you meant https:///api/properties?has_elevator=true&amp;max_floor=5?">E   requests.exceptions.MissingSchema: Invalid URL '/api/properties?has_elevator=true&amp;max_floor=5': No scheme supplied. Perhaps you meant https:///api/properties?has_elevator=true&amp;max_floor=5?</failure></testcase><testcase classname="tests.test_airbnb_filters.TestDateFilters" name="test_date_range_filter" time="0.000"><failure message="requests.exceptions.MissingSchema: Invalid URL '/api/properties?date_from=2026-04-01&amp;date_to=2026-04-15': No scheme supplied. Perhaps you meant https:///api/properties?date_from=2026-04-01&amp;date_to=2026-04-15?">E   requests.exceptions.MissingSchema: Invalid URL '/api/properties?date_from=2026-04-01&amp;date_to=2026-04-15': No scheme supplied. Perhaps you meant https:///api/properties?date_from=2026-04-01&amp;date_to=2026-04-15?</failure></testcase><testcase classname="tests.test_airbnb_filters.TestNoFilters" name="test_get_all_properties" time="0.001"><failure message="requests.exceptions.MissingSchema: Invalid URL '/api/properties': No scheme supplied. Perhaps you meant https:///api/properties?">E   requests.exceptions.MissingSchema: Invalid URL '/api/properties': No scheme supplied. Perhaps you meant https:///api/properties?</failure></testcase><testcase classname="tests.test_bulk_manager.TestBulkEdit" name="test_bulk_edit_applies_whitelisted_and_returns_snapshots" time="1.096" /><testcase classname="tests.test_bulk_manager.TestBulkEdit" name="test_bulk_edit_ignores_non_whitelisted" time="15.823" /><testcase classname="tests.test_bulk_manager.TestBulkEdit" name="test_title_prefix_idempotent" time="20.244" /><testcase classname="tests.test_bulk_manager.TestBulkEdit" name="test_amenities_append_and_replace" time="22.416" /><testcase classname="tests.test_bulk_manager.TestBulkEdit" name="test_ownership_check_forbidden" time="0.958" /><testcase classname="tests.test_bulk_manager.TestBulkEdit" name="test_undo_via_snapshots" time="0.944" /><testcase classname="tests.test_bulk_manager.TestBulkEdit" name="test_empty_update_rejected" time="0.615" /><testcase classname="tests.test_bulk_manager.TestBulkEdit" name="test_no_ids_rejected" time="0.118" /><testcase classname="tests.test_bulk_manager.TestBulkEdit" name="test_admin_can_bulk_edit" time="1.016" /><testcase classname="tests.test_bulk_manager.TestBulkImages" name="test_bulk_images_shared" time="31.228" /><testcase classname="tests.test_bulk_manager.TestBulkImages" name="test_bulk_images_per_property" time="0.794" /><testcase classname="tests.test_bulk_manager.TestBulkImages" name="test_bulk_images_ownership_forbidden" time="3.699" /><testcase classname="tests.test_bulk_manager.TestBulkImages" name="test_bulk_images_no_ids" time="0.127" /><testcase classname="tests.test_bulk_manager" name="test_no_mongo_id_leak" time="0.598" /><testcase classname="tests.test_bulk_upload.TestTemplate" name="test_csv_template" time="0.227" /><testcase classname="tests.test_bulk_upload.TestTemplate" name="test_xlsx_template" time="0.432" /><testcase classname="tests.test_bulk_upload.TestTemplate" name="test_bad_fmt" time="0.002" /><testcase classname="tests.test_bulk_upload.TestParse" name="test_parse_csv" time="0.003" /><testcase classname="tests.test_bulk_upload.TestParse" name="test_parse_xlsx" time="0.239" /><testcase classname="tests.test_bulk_upload.TestParse" name="test_parse_paste_tab" time="0.002" /><testcase classname="tests.test_bulk_upload.TestParse" name="test_parse_paste_comma" time="0.002" /><testcase classname="tests.test_bulk_upload.TestParse" name="test_parse_no_input" time="0.002" /><testcase classname="tests.test_bulk_upload.TestParse" name="test_parse_403_for_renter" time="0.235" /><testcase classname="tests.test_bulk_upload.TestCommit" name="test_commit_creates_and_persists" time="0.014" /><testcase classname="tests.test_bulk_upload.TestCommit" name="test_commit_403_for_renter" time="0.002" /><testcase classname="tests.test_bulk_upload.TestCommit" name="test_commit_skips_invalid" time="0.002" /><testcase classname="tests.test_bulk_upload.TestImages" name="test_images_attach" time="0.013" /><testcase classname="tests.test_bulk_upload.TestImages" name="test_images_403_for_renter" time="0.002" /><testcase classname="tests.test_bulk_upload.TestImages" name="test_images_bad_zip" time="0.011" /><testcase classname="tests.test_cancellation.TestCancellationWorkflow" name="test_01_owner_login" time="0.000"><failure message="requests.exceptions.MissingSchema: Invalid URL '/api/auth/login': No scheme supplied. Perhaps you meant https:///api/auth/login?">E   requests.exceptions.MissingSchema: Invalid URL '/api/auth/login': No scheme supplied. Perhaps you meant https:///api/auth/login?</failure></testcase><testcase classname="tests.test_cancellation.TestCancellationWorkflow" name="test_02_renter_login" time="0.000"><failure message="requests.exceptions.MissingSchema: Invalid URL '/api/auth/login': No scheme supplied. Perhaps you meant https:///api/auth/login?">E   requests.exceptions.MissingSchema: Invalid URL '/api/auth/login': No scheme supplied. Perhaps you meant https:///api/auth/login?</failure></testcase><testcase classname="tests.test_cancellation.TestCancellationWorkflow" name="test_03_create_property_with_cancellation_policy" time="0.000"><failure message="requests.exceptions.MissingSchema: Invalid URL '/api/auth/login': No scheme supplied. Perhaps you meant https:///api/auth/login?">E   requests.exceptions.MissingSchema: Invalid URL '/api/auth/login': No scheme supplied. Perhaps you meant https:///api/auth/login?</failure></testcase><testcase classname="tests.test_cancellation.TestCancellationWorkflow" name="test_04_create_booking_without_guest_count" time="0.000"><failure message="requests.exceptions.MissingSchema: Invalid URL '/api/auth/login': No scheme supplied. Perhaps you meant https:///api/auth/login?">E   requests.exceptions.MissingSchema: Invalid URL '/api/auth/login': No scheme supplied. Perhaps you meant https:///api/auth/login?</failure></testcase><testcase classname="tests.test_cancellation.TestCancellationWorkflow" name="test_05_renter_request_cancellation" time="0.000"><failure message="requests.exceptions.MissingSchema: Invalid URL '/api/auth/login': No scheme supplied. Perhaps you meant https:///api/auth/login?">E   requests.exceptions.MissingSchema: Invalid URL '/api/auth/login': No scheme supplied. Perhaps you meant https:///api/auth/login?</failure></testcase><testcase classname="tests.test_cancellation.TestCancellationWorkflow" name="test_06_owner_approve_cancellation" time="0.000"><failure message="requests.exceptions.MissingSchema: Invalid URL '/api/auth/login': No scheme supplied. Perhaps you meant https:///api/auth/login?">E   requests.exceptions.MissingSchema: Invalid URL '/api/auth/login': No scheme supplied. Perhaps you meant https:///api/auth/login?</failure></testcase><testcase classname="tests.test_cancellation.TestCancellationWorkflow" name="test_07_owner_deny_cancellation" time="0.000"><failure message="requests.exceptions.MissingSchema: Invalid URL '/api/auth/login': No scheme supplied. Perhaps you meant https:///api/auth/login?">E   requests.exceptions.MissingSchema: Invalid URL '/api/auth/login': No scheme supplied. Perhaps you meant https:///api/auth/login?</failure></testcase><testcase classname="tests.test_cancellation.TestCancellationWorkflow" name="test_08_owner_direct_cancel" time="0.000"><failure message="requests.exceptions.MissingSchema: Invalid URL '/api/auth/login': No scheme supplied. Perhaps you meant https:///api/auth/login?">E   requests.exceptions.MissingSchema: Invalid URL '/api/auth/login': No scheme supplied. Perhaps you meant https:///api/auth/login?</failure></testcase><testcase classname="tests.test_cancellation.TestCancellationWorkflow" name="test_09_renter_cannot_direct_cancel" time="0.000"><failure message="requests.exceptions.MissingSchema: Invalid URL '/api/auth/login': No scheme supplied. Perhaps you meant https:///api/auth/login?">E   requests.exceptions.MissingSchema: Invalid URL '/api/auth/login': No scheme supplied. Perhaps you meant https:///api/auth/login?</failure></testcase><testcase classname="tests.test_cancellation.TestCancellationWorkflow" name="test_10_cancellation_policy_options" time="0.000"><failure message="requests.exceptions.MissingSchema: Invalid URL '/api/auth/login': No scheme supplied. Perhaps you meant https:///api/auth/login?">E   requests.exceptions.MissingSchema: Invalid URL '/api/auth/login': No scheme supplied. Perhaps you meant https:///api/auth/login?</failure></testcase><testcase classname="tests.test_cancellation.TestBookingWithoutGuestCount" name="test_booking_model_no_guest_count" time="0.000"><failure message="requests.exceptions.MissingSchema: Invalid URL '/api/auth/login': No scheme supplied. Perhaps you meant https:///api/auth/login?">E   requests.exceptions.MissingSchema: Invalid URL '/api/auth/login': No scheme supplied. Perhaps you meant https:///api/auth/login?</failure></testcase><testcase classname="tests.test_ical_integration.TestBlockedDatesEndpoint" name="test_blocked_dates_returns_internal_and_external" time="0.000"><error message="failed on setup with &quot;requests.exceptions.MissingSchema: Invalid URL '/api/auth/login': No scheme supplied. Perhaps you meant https:///api/auth/login?&quot;">E   requests.exceptions.MissingSchema: Invalid URL '/api/auth/login': No scheme supplied. Perhaps you meant https:///api/auth/login?</error></testcase><testcase classname="tests.test_ical_integration.TestBlockedDatesEndpoint" name="test_blocked_dates_no_auth_required" time="0.001"><error message="failed on setup with &quot;requests.exceptions.MissingSchema: Invalid URL '/api/auth/login': No scheme supplied. Perhaps you meant https:///api/auth/login?&quot;">E   requests.exceptions.MissingSchema: Invalid URL '/api/auth/login': No scheme supplied. Perhaps you meant https:///api/auth/login?</error></testcase><testcase classname="tests.test_ical_integration.TestICalExportEndpoint" name="test_ical_export_returns_valid_ical" time="0.000"><error message="failed on setup with &quot;requests.exceptions.MissingSchema: Invalid URL '/api/auth/login': No scheme supplied. Perhaps you meant https:///api/auth/login?&quot;">E   requests.exceptions.MissingSchema: Invalid URL '/api/auth/login': No scheme supplied. Perhaps you meant https:///api/auth/login?</error></testcase><testcase classname="tests.test_ical_integration.TestICalExportEndpoint" name="test_ical_export_no_auth_required" time="0.000"><error message="failed on setup with &quot;requests.exceptions.MissingSchema: Invalid URL '/api/auth/login': No scheme supplied. Perhaps you meant https:///api/auth/login?&quot;">E   requests.exceptions.MissingSchema: Invalid URL '/api/auth/login': No scheme supplied. Perhaps you meant https:///api/auth/login?</error></testcase><testcase classname="tests.test_ical_integration.TestICalExportEndpoint" name="test_ical_export_nonexistent_property" time="0.000"><failure message="requests.exceptions.MissingSchema: Invalid URL '/api/properties/nonexistent-id-12345/ical-export': No scheme supplied. Perhaps you meant https:///api/properties/nonexistent-id-12345/ical-export?">E   requests.exceptions.MissingSchema: Invalid URL '/api/properties/nonexistent-id-12345/ical-export': No scheme supplied. Perhaps you meant https:///api/properties/nonexistent-id-12345/ical-export?</failure></testcase><testcase classname="tests.test_ical_integration.TestAddICalUrlEndpoint" name="test_add_ical_requires_auth" time="0.000"><error message="failed on setup with &quot;requests.exceptions.MissingSchema: Invalid URL '/api/auth/login': No scheme supplied. Perhaps you meant https:///api/auth/login?&quot;">E   requests.exceptions.MissingSchema: Invalid URL '/api/auth/login': No scheme supplied. Perhaps you meant https:///api/auth/login?</error></testcase><testcase classname="tests.test_ical_integration.TestAddICalUrlEndpoint" name="test_add_ical_rejects_non_vacation" time="0.000"><error message="failed on setup with &quot;requests.exceptions.MissingSchema: Invalid URL '/api/auth/login': No scheme supplied. Perhaps you meant https:///api/auth/login?&quot;">E   requests.exceptions.MissingSchema: Invalid URL '/api/auth/login': No scheme supplied. Perhaps you meant https:///api/auth/login?</error></testcase><testcase classname="tests.test_ical_integration.TestAddICalUrlEndpoint" name="test_add_ical_with_valid_auth" time="0.000"><error message="failed on setup with &quot;requests.exceptions.MissingSchema: Invalid URL '/api/auth/login': No scheme supplied. Perhaps you meant https:///api/auth/login?&quot;">E   requests.exceptions.MissingSchema: Invalid URL '/api/auth/login': No scheme supplied. Perhaps you meant https:///api/auth/login?</error></testcase><testcase classname="tests.test_ical_integration.TestRemoveICalUrlEndpoint" name="test_remove_ical_requires_auth" time="0.001"><error message="failed on setup with &quot;requests.exceptions.MissingSchema: Invalid URL '/api/auth/login': No scheme supplied. Perhaps you meant https:///api/auth/login?&quot;">E   requests.exceptions.MissingSchema: Invalid URL '/api/auth/login': No scheme supplied. Perhaps you meant https:///api/auth/login?</error></testcase><testcase classname="tests.test_ical_integration.TestManualSyncEndpoint" name="test_manual_sync_requires_auth" time="0.000"><error message="failed on setup with &quot;requests.exceptions.MissingSchema: Invalid URL '/api/auth/login': No scheme supplied. Perhaps you meant https:///api/auth/login?&quot;">E   requests.exceptions.MissingSchema: Invalid URL '/api/auth/login': No scheme supplied. Perhaps you meant https:///api/auth/login?</error></testcase><testcase classname="tests.test_ical_integration.TestManualSyncEndpoint" name="test_manual_sync_with_valid_auth" time="0.000"><error message="failed on setup with &quot;requests.exceptions.MissingSchema: Invalid URL '/api/auth/login': No scheme supplied. Perhaps you meant https:///api/auth/login?&quot;">E   requests.exceptions.MissingSchema: Invalid URL '/api/auth/login': No scheme supplied. Perhaps you meant https:///api/auth/login?</error></testcase><testcase classname="tests.test_ical_integration.TestDateFilterWithExternalBookings" name="test_date_filter_works" time="0.000"><failure message="requests.exceptions.MissingSchema: Invalid URL '/api/properties': No scheme supplied. Perhaps you meant https:///api/properties?">E   requests.exceptions.MissingSchema: Invalid URL '/api/properties': No scheme supplied. Perhaps you meant https:///api/properties?</failure></testcase><testcase classname="tests.test_ical_integration.TestPropertyCreationWithRentalType" name="test_create_vacation_property" time="0.000"><error message="failed on setup with &quot;requests.exceptions.MissingSchema: Invalid URL '/api/auth/login': No scheme supplied. Perhaps you meant https:///api/auth/login?&quot;">E   requests.exceptions.MissingSchema: Invalid URL '/api/auth/login': No scheme supplied. Perhaps you meant https:///api/auth/login?</error></testcase><testcase classname="tests.test_optional_fields.TestOptionalPropertyFields" name="test_create_property_without_description_and_address" time="0.000"><error message="failed on setup with &quot;requests.exceptions.MissingSchema: Invalid URL '/api/auth/login': No scheme supplied. Perhaps you meant https:///api/auth/login?&quot;">E   requests.exceptions.MissingSchema: Invalid URL '/api/auth/login': No scheme supplied. Perhaps you meant https:///api/auth/login?</error></testcase><testcase classname="tests.test_optional_fields.TestOptionalPropertyFields" name="test_create_property_with_description_only" time="0.000"><error message="failed on setup with &quot;requests.exceptions.MissingSchema: Invalid URL '/api/auth/login': No scheme supplied. Perhaps you meant https:///api/auth/login?&quot;">E   requests.exceptions.MissingSchema: Invalid URL '/api/auth/login': No scheme supplied. Perhaps you meant https:///api/auth/login?</error></testcase><testcase classname="tests.test_optional_fields.TestOptionalPropertyFields" name="test_create_property_with_address_only" time="0.000"><error message="failed on setup with &quot;requests.exceptions.MissingSchema: Invalid URL '/api/auth/login': No scheme supplied. Perhaps you meant https:///api/auth/login?&quot;">E   requests.exceptions.MissingSchema: Invalid URL '/api/auth/login': No scheme supplied. Perhaps you meant https:///api/auth/login?</error></testcase><testcase classname="tests.test_optional_fields.TestOptionalPropertyFields" name="test_create_property_with_both_description_and_address" time="0.000"><error message="failed on setup with &quot;requests.exceptions.MissingSchema: Invalid URL '/api/auth/login': No scheme supplied. Perhaps you meant https:///api/auth/login?&quot;">E   requests.exceptions.MissingSchema: Invalid URL '/api/auth/login': No scheme supplied. Perhaps you meant https:///api/auth/login?</error></testcase><testcase classname="tests.test_optional_fields.TestOptionalPropertyFields" name="test_create_property_with_empty_strings" time="0.000"><error message="failed on setup with &quot;requests.exceptions.MissingSchema: Invalid URL '/api/auth/login': No scheme supplied. Perhaps you meant https:///api/auth/login?&quot;">E   requests.exceptions.MissingSchema: Invalid URL '/api/auth/login': No scheme supplied. Perhaps you meant https:///api/auth/login?</error></testcase><testcase classname="tests.test_optional_fields.TestOptionalPropertyFields" name="test_update_property_without_description_and_address" time="0.000"><error message="failed on setup with &quot;requests.exceptions.MissingSchema: Invalid URL '/api/auth/login': No scheme supplied. Perhaps you meant https:///api/auth/login?&quot;">E   requests.exceptions.MissingSchema: Invalid URL '/api/auth/login': No scheme supplied. Perhaps you meant https:///api/auth/login?</error></testcase><testcase classname="tests.test_property_fields.TestAuthAndSetup" name="test_login_owner" time="0.000"><error message="failed on setup with &quot;requests.exceptions.MissingSchema: Invalid URL '/api/auth/login': No scheme supplied. Perhaps you meant https:///api/auth/login?&quot;">E   requests.exceptions.MissingSchema: Invalid URL '/api/auth/login': No scheme supplied. Perhaps you meant https:///api/auth/login?</error></testcase><testcase classname="tests.test_property_fields.TestPropertyCreateWithNewFields" name="test_create_property_with_all_new_fields" time="0.000"><error message="failed on setup with &quot;requests.exceptions.MissingSchema: Invalid URL '/api/auth/login': No scheme supplied. Perhaps you meant https:///api/auth/login?&quot;">E   requests.exceptions.MissingSchema: Invalid URL '/api/auth/login': No scheme supplied. Perhaps you meant https:///api/auth/login?</error></testcase><testcase classname="tests.test_property_fields.TestPropertyCreateWithNewFields" name="test_create_property_with_condition_partially_renovated" time="0.000"><error message="failed on setup with &quot;requests.exceptions.MissingSchema: Invalid URL '/api/auth/login': No scheme supplied. Perhaps you meant https:///api/auth/login?&quot;">E   requests.exceptions.MissingSchema: Invalid URL '/api/auth/login': No scheme supplied. Perhaps you meant https:///api/auth/login?</error></testcase><testcase classname="tests.test_property_fields.TestPropertyCreateWithNewFields" name="test_create_property_with_condition_good" time="0.000"><error message="failed on setup with &quot;requests.exceptions.MissingSchema: Invalid URL '/api/auth/login': No scheme supplied. Perhaps you meant https:///api/auth/login?&quot;">E   requests.exceptions.MissingSchema: Invalid URL '/api/auth/login': No scheme supplied. Perhaps you meant https:///api/auth/login?</error></testcase><testcase classname="tests.test_property_fields.TestPropertyCreateWithNewFields" name="test_create_property_with_usd_currency" time="0.000"><error message="failed on setup with &quot;requests.exceptions.MissingSchema: Invalid URL '/api/auth/login': No scheme supplied. Perhaps you meant https:///api/auth/login?&quot;">E   requests.exceptions.MissingSchema: Invalid URL '/api/auth/login': No scheme supplied. Perhaps you meant https:///api/auth/login?</error></testcase><testcase classname="tests.test_property_fields.TestPropertyCreateWithNewFields" name="test_create_property_with_empty_amenities" time="0.000"><error message="failed on setup with &quot;requests.exceptions.MissingSchema: Invalid URL '/api/auth/login': No scheme supplied. Perhaps you meant https:///api/auth/login?&quot;">E   requests.exceptions.MissingSchema: Invalid URL '/api/auth/login': No scheme supplied. Perhaps you meant https:///api/auth/login?</error></testcase><testcase classname="tests.test_property_fields.TestPropertyCreateWithNewFields" name="test_create_property_without_agent_fee" time="0.000"><error message="failed on setup with &quot;requests.exceptions.MissingSchema: Invalid URL '/api/auth/login': No scheme supplied. Perhaps you meant https:///api/auth/login?&quot;">E   requests.exceptions.MissingSchema: Invalid URL '/api/auth/login': No scheme supplied. Perhaps you meant https:///api/auth/login?</error></testcase><testcase classname="tests.test_property_fields.TestPropertyCreateWithNewFields" name="test_create_property_with_furniture_options" time="0.000"><error message="failed on setup with &quot;requests.exceptions.MissingSchema: Invalid URL '/api/auth/login': No scheme supplied. Perhaps you meant https:///api/auth/login?&quot;">E   requests.exceptions.MissingSchema: Invalid URL '/api/auth/login': No scheme supplied. Perhaps you meant https:///api/auth/login?</error></testcase><testcase classname="tests.test_property_fields.TestPropertyGetWithNewFields" name="test_get_property_returns_all_fields" time="0.000"><error message="failed on setup with &quot;requests.exceptions.MissingSchema: Invalid URL '/api/auth/login': No scheme supplied. Perhaps you meant https:///api/auth/login?&quot;">E   requests.exceptions.MissingSchema: Invalid URL '/api/auth/login': No scheme supplied. Perhaps you meant https:///api/auth/login?</error></testcase><testcase classname="tests.test_property_fields.TestPropertyListWithNewFields" name="test_list_properties_includes_new_fields" time="0.000"><failure message="requests.exceptions.MissingSchema: Invalid URL '/api/properties': No scheme supplied. Perhaps you meant https:///api/properties?">E   requests.exceptions.MissingSchema: Invalid URL '/api/properties': No scheme supplied. Perhaps you meant https:///api/properties?</failure></testcase><testcase classname="tests.test_property_filters.TestPropertyFilters" name="test_get_all_properties_no_filters" time="0.000"><failure message="requests.exceptions.MissingSchema: Invalid URL '/api/properties': No scheme supplied. Perhaps you meant https:///api/properties?">E   requests.exceptions.MissingSchema: Invalid URL '/api/properties': No scheme supplied. Perhaps you meant https:///api/properties?</failure></testcase><testcase classname="tests.test_property_filters.TestPropertyFilters" name="test_filter_min_bedrooms" time="0.000"><failure message="requests.exceptions.MissingSchema: Invalid URL '/api/properties?min_bedrooms=3': No scheme supplied. Perhaps you meant https:///api/properties?min_bedrooms=3?">E   requests.exceptions.MissingSchema: Invalid URL '/api/properties?min_bedrooms=3': No scheme supplied. Perhaps you meant https:///api/properties?min_bedrooms=3?</failure></testcase><testcase classname="tests.test_property_filters.TestPropertyFilters" name="test_filter_has_elevator" time="0.000"><failure message="requests.exceptions.MissingSchema: Invalid URL '/api/properties?has_elevator=true': No scheme supplied. Perhaps you meant https:///api/properties?has_elevator=true?">E   requests.exceptions.MissingSchema: Invalid URL '/api/properties?has_elevator=true': No scheme supplied. Perhaps you meant https:///api/properties?has_elevator=true?</failure></testcase><testcase classname="tests.test_property_filters.TestPropertyFilters" name="test_filter_condition_good" time="0.000"><failure message="requests.exceptions.MissingSchema: Invalid URL '/api/properties?condition=good': No scheme supplied. Perhaps you meant https:///api/properties?condition=good?">E   requests.exceptions.MissingSchema: Invalid URL '/api/properties?condition=good': No scheme supplied. Perhaps you meant https:///api/properties?condition=good?</failure></testcase><testcase classname="tests.test_property_filters.TestPropertyFilters" name="test_filter_condition_renovated" time="0.000"><failure message="requests.exceptions.MissingSchema: Invalid URL '/api/properties?condition=renovated': No scheme supplied. Perhaps you meant https:///api/properties?condition=renovated?">E   requests.exceptions.MissingSchema: Invalid URL '/api/properties?condition=renovated': No scheme supplied. Perhaps you meant https:///api/properties?condition=renovated?</failure></testcase><testcase classname="tests.test_property_filters.TestPropertyFilters" name="test_filter_max_floor" time="0.000"><failure message="requests.exceptions.MissingSchema: Invalid URL '/api/properties?max_floor=3': No scheme supplied. Perhaps you meant https:///api/properties?max_floor=3?">E   requests.exceptions.MissingSchema: Invalid URL '/api/properties?max_floor=3': No scheme supplied. Perhaps you meant https:///api/properties?max_floor=3?</failure></testcase><testcase classname="tests.test_property_filters.TestPropertyFilters" name="test_filter_area_jerusalem" time="0.000"><failure message="requests.exceptions.MissingSchema: Invalid URL '/api/properties?area=Jerusalem': No scheme supplied. Perhaps you meant https:///api/properties?area=Jerusalem?">E   requests.exceptions.MissingSchema: Invalid URL '/api/properties?area=Jerusalem': No scheme supplied. Perhaps you meant https:///api/properties?area=Jerusalem?</failure></testcase><testcase classname="tests.test_property_filters.TestPropertyFilters" name="test_filter_date_range" time="0.000"><failure message="requests.exceptions.MissingSchema: Invalid URL '/api/properties?date_from=2026-03-01&amp;date_to=2026-03-10': No scheme supplied. Perhaps you meant https:///api/properties?date_from=2026-03-01&amp;date_to=2026-03-10?">E   requests.exceptions.MissingSchema: Invalid URL '/api/properties?date_from=2026-03-01&amp;date_to=2026-03-10': No scheme supplied. Perhaps you meant https:///api/properties?date_from=2026-03-01&amp;date_to=2026-03-10?</failure></testcase><testcase classname="tests.test_property_filters.TestPropertyFilters" name="test_filter_min_bathrooms" time="0.000"><failure message="requests.exceptions.MissingSchema: Invalid URL '/api/properties?min_bathrooms=2': No scheme supplied. Perhaps you meant https:///api/properties?min_bathrooms=2?">E   requests.exceptions.MissingSchema: Invalid URL '/api/properties?min_bathrooms=2': No scheme supplied. Perhaps you meant https:///api/properties?min_bathrooms=2?</failure></testcase><testcase classname="tests.test_property_filters.TestPropertyFilters" name="test_filter_min_porches" time="0.000"><failure message="requests.exceptions.MissingSchema: Invalid URL '/api/properties?min_porches=1': No scheme supplied. Perhaps you meant https:///api/properties?min_porches=1?">E   requests.exceptions.MissingSchema: Invalid URL '/api/properties?min_porches=1': No scheme supplied. Perhaps you meant https:///api/properties?min_porches=1?</failure></testcase><testcase classname="tests.test_property_filters.TestPropertyFilters" name="test_combined_filters" time="0.000"><failure message="requests.exceptions.MissingSchema: Invalid URL '/api/properties?min_bedrooms=2&amp;has_elevator=true': No scheme supplied. Perhaps you meant https:///api/properties?min_bedrooms=2&amp;has_elevator=true?">E   requests.exceptions.MissingSchema: Invalid URL '/api/properties?min_bedrooms=2&amp;has_elevator=true': No scheme supplied. Perhaps you meant https:///api/properties?min_bedrooms=2&amp;has_elevator=true?</failure></testcase><testcase classname="tests.test_property_filters.TestAdminDashboard" name="test_admin_dashboard_requires_auth" time="0.000"><failure message="requests.exceptions.MissingSchema: Invalid URL '/api/admin/dashboard': No scheme supplied. Perhaps you meant https:///api/admin/dashboard?">E   requests.exceptions.MissingSchema: Invalid URL '/api/admin/dashboard': No scheme supplied. Perhaps you meant https:///api/admin/dashboard?</failure></testcase><testcase classname="tests.test_property_filters.TestAdminDashboard" name="test_admin_dashboard_with_token" time="0.000"><error message="failed on setup with &quot;requests.exceptions.MissingSchema: Invalid URL '/api/auth/login': No scheme supplied. Perhaps you meant https:///api/auth/login?&quot;">E   requests.exceptions.MissingSchema: Invalid URL '/api/auth/login': No scheme supplied. Perhaps you meant https:///api/auth/login?</error></testcase><testcase classname="tests.test_property_filters.TestAdminDashboard" name="test_admin_dashboard_non_admin_forbidden" time="0.000"><failure message="requests.exceptions.MissingSchema: Invalid URL '/api/auth/login': No scheme supplied. Perhaps you meant https:///api/auth/login?">E   requests.exceptions.MissingSchema: Invalid URL '/api/auth/login': No scheme supplied. Perhaps you meant https:///api/auth/login?</failure></testcase><testcase classname="tests.test_refactor_regression.TestAuth" name="test_login_ok" time="0.344" /><testcase classname="tests.test_refactor_regression.TestAuth" name="test_login_bad" time="0.336" /><testcase classname="tests.test_refactor_regression.TestAuth" name="test_me" time="0.133" /><testcase classname="tests.test_refactor_regression.TestAuth" name="test_me_unauth" time="0.134" /><testcase classname="tests.test_refactor_regression.TestAuth" name="test_forgot_password_idempotent" time="0.145" /><testcase classname="tests.test_refactor_regression.TestAuth" name="test_reset_password_invalid_token" time="0.124" /><testcase classname="tests.test_refactor_regression.TestAuth" name="test_change_password_wrong_current" time="0.327" /><testcase classname="tests.test_refactor_regression.TestProperties" name="test_list_properties" time="0.118" /><testcase classname="tests.test_refactor_regression.TestProperties" name="test_list_filters" time="0.384" /><testcase classname="tests.test_refactor_regression.TestProperties" name="test_get_property_404" time="0.119" /><testcase classname="tests.test_refactor_regression.TestProperties" name="test_crud_property" time="0.555" /><testcase classname="tests.test_refactor_regression.TestProperties" name="test_like_and_liked_lists" time="0.826" /><testcase classname="tests.test_refactor_regression.TestProperties" name="test_manager_properties" time="0.259" /><testcase classname="tests.test_refactor_regression.TestBookings" name="test_list_bookings_owner" time="0.142" /><testcase classname="tests.test_refactor_regression.TestBookings" name="test_list_bookings_renter" time="0.132" /><testcase classname="tests.test_refactor_regression.TestBookings" name="test_accept_booking_404" time="0.118" /><testcase classname="tests.test_refactor_regression.TestSubleases" name="test_list_subleases" time="0.127" /><testcase classname="tests.test_refactor_regression.TestSubleases" name="test_my_subleases" time="0.107" /><testcase classname="tests.test_refactor_regression.TestSubleases" name="test_public_sign_token_invalid" time="0.125" /><testcase classname="tests.test_refactor_regression.TestContracts" name="test_contract_template_en" time="0.121" /><testcase classname="tests.test_refactor_regression.TestContracts" name="test_contract_template_he" time="0.118" /><testcase classname="tests.test_refactor_regression.TestContracts" name="test_list_contracts" time="0.134" /><testcase classname="tests.test_refactor_regression.TestChat" name="test_conversations" time="0.121" /><testcase classname="tests.test_refactor_regression.TestNotifications" name="test_list_notifications" time="0.113" /><testcase classname="tests.test_refactor_regression.TestNotifications" name="test_read_all" time="11.319" /><testcase classname="tests.test_refactor_regression.TestNotifications" name="test_preferences" time="0.133" /><testcase classname="tests.test_refactor_regression.TestSavedSearches" name="test_saved_search_crud" time="0.344" /><testcase classname="tests.test_refactor_regression.TestIcal" name="test_blocked_dates_any_prop" time="0.523" /><testcase classname="tests.test_refactor_regression.TestIcal" name="test_ical_export_any_prop" time="0.228" /><testcase classname="tests.test_refactor_regression.TestAdmin" name="test_admin_dashboard_forbidden_for_owner" time="0.108" /><testcase classname="tests.test_refactor_regression.TestAdmin" name="test_admin_dashboard_unauth" time="0.111" /><testcase classname="tests.test_refactor_regression.TestAdmin" name="test_postmark_webhook_bad_secret" time="0.135" /><testcase classname="tests.test_refactor_regression.TestMisc" name="test_exchange_rate" time="0.130" /><testcase classname="tests.test_refactor_regression.TestMisc" name="test_translate" time="0.114" /><testcase classname="tests.test_refactor_regression.TestMisc" name="test_contact" time="0.111" /><testcase classname="tests.test_refactor_regression.TestMisc" name="test_upload_no_file" time="0.135" /><testcase classname="tests.test_refactor_regression.TestMisc" name="test_upload_file" time="0.145" /><testcase classname="tests.test_refactor_regression.TestRouterWiring" name="test_route_registered[/auth/me]" time="0.103" /><testcase classname="tests.test_refactor_regression.TestRouterWiring" name="test_route_registered[/properties]" time="0.111" /><testcase classname="tests.test_refactor_regression.TestRouterWiring" name="test_route_registered[/bookings]" time="0.111" /><testcase classname="tests.test_refactor_regression.TestRouterWiring" name="test_route_registered[/subleases]" time="0.115" /><testcase classname="tests.test_refactor_regression.TestRouterWiring" name="test_route_registered[/contracts]" time="0.135" /><testcase classname="tests.test_refactor_regression.TestRouterWiring" name="test_route_registered[/chat/conversations]" time="0.114" /><testcase classname="tests.test_refactor_regression.TestRouterWiring" name="test_route_registered[/notifications]" time="0.114" /><testcase classname="tests.test_refactor_regression.TestRouterWiring" name="test_route_registered[/saved-searches]" time="0.108" /><testcase classname="tests.test_refactor_regression.TestRouterWiring" name="test_route_registered[/admin/dashboard]" time="0.114" /><testcase classname="tests.test_refactor_regression.TestRouterWiring" name="test_route_registered[/exchange-rate]" time="0.111" /><testcase classname="tests.test_saved_searches.TestSavedSearchCRUD" name="test_create_requires_auth" time="0.139" /><testcase classname="tests.test_saved_searches.TestSavedSearchCRUD" name="test_create_saved_search" time="0.459" /><testcase classname="tests.test_saved_searches.TestSavedSearchCRUD" name="test_create_dedupe" time="0.288" /><testcase classname="tests.test_saved_searches.TestSavedSearchCRUD" name="test_list_saved_searches_excludes_id" time="0.116" /><testcase classname="tests.test_saved_searches.TestSavedSearchCRUD" name="test_list_only_returns_own" time="0.462" /><testcase classname="tests.test_saved_searches.TestSavedSearchCRUD" name="test_delete_other_user_forbidden" time="0.248" /><testcase classname="tests.test_saved_searches.TestSavedSearchCRUD" name="test_delete_invalid_id_404" time="0.141" /><testcase classname="tests.test_saved_searches.TestSavedSearchCRUD" name="test_delete_own" time="0.362" /><testcase classname="tests.test_saved_searches.TestSavedSearchTriggers" name="test_property_create_triggers_alert" time="3.506" /><testcase classname="tests.test_saved_searches.TestSavedSearchTriggers" name="test_price_drop_triggers_alert" time="5.786" /><testcase classname="tests.test_saved_searches.TestSavedSearchTriggers" name="test_owner_not_notified_for_own_listing" time="3.511" /><testcase classname="tests.test_saved_searches.TestSavedSearchTriggers" name="test_booking_cancel_triggers_booking_freed" time="7.717" /><testcase classname="tests.test_type_coverage" name="test_mypy_clean" time="1.532" /><testcase classname="tests.test_upload.TestUploadAuthentication" name="test_upload_requires_auth" time="0.001"><failure message="requests.exceptions.MissingSchema: Invalid URL '/api/upload': No scheme supplied. Perhaps you meant https:///api/upload?">E   requests.exceptions.MissingSchema: Invalid URL '/api/upload': No scheme supplied. Perhaps you meant https:///api/upload?</failure></testcase><testcase classname="tests.test_upload.TestImageUpload" name="test_upload_png_image" time="0.000"><error message="failed on setup with &quot;requests.exceptions.MissingSchema: Invalid URL '/api/auth/login': No scheme supplied. Perhaps you meant https:///api/auth/login?&quot;">E   requests.exceptions.MissingSchema: Invalid URL '/api/auth/login': No scheme supplied. Perhaps you meant https:///api/auth/login?</error></testcase><testcase classname="tests.test_upload.TestImageUpload" name="test_upload_jpeg_image" time="0.000"><error message="failed on setup with &quot;requests.exceptions.MissingSchema: Invalid URL '/api/auth/login': No scheme supplied. Perhaps you meant https:///api/auth/login?&quot;">E   requests.exceptions.MissingSchema: Invalid URL '/api/auth/login': No scheme supplied. Perhaps you meant https:///api/auth/login?</error></testcase><testcase classname="tests.test_upload.TestImageUpload" name="test_uploaded_file_accessible" time="0.000"><error message="failed on setup with &quot;requests.exceptions.MissingSchema: Invalid URL '/api/auth/login': No scheme supplied. Perhaps you meant https:///api/auth/login?&quot;">E   requests.exceptions.MissingSchema: Invalid URL '/api/auth/login': No scheme supplied. Perhaps you meant https:///api/auth/login?</error></testcase><testcase classname="tests.test_upload.TestVideoUpload" name="test_upload_mp4_video" time="0.000"><error message="failed on setup with &quot;requests.exceptions.MissingSchema: Invalid URL '/api/auth/login': No scheme supplied. Perhaps you meant https:///api/auth/login?&quot;">E   requests.exceptions.MissingSchema: Invalid URL '/api/auth/login': No scheme supplied. Perhaps you meant https:///api/auth/login?</error></testcase><testcase classname="tests.test_upload.TestVideoUpload" name="test_upload_webm_video" time="0.000"><error message="failed on setup with &quot;requests.exceptions.MissingSchema: Invalid URL '/api/auth/login': No scheme supplied. Perhaps you meant https:///api/auth/login?&quot;">E   requests.exceptions.MissingSchema: Invalid URL '/api/auth/login': No scheme supplied. Perhaps you meant https:///api/auth/login?</error></testcase><testcase classname="tests.test_upload.TestUnsupportedFileTypes" name="test_reject_text_file" time="0.000"><error message="failed on setup with &quot;requests.exceptions.MissingSchema: Invalid URL '/api/auth/login': No scheme supplied. Perhaps you meant https:///api/auth/login?&quot;">E   requests.exceptions.MissingSchema: Invalid URL '/api/auth/login': No scheme supplied. Perhaps you meant https:///api/auth/login?</error></testcase><testcase classname="tests.test_upload.TestUnsupportedFileTypes" name="test_reject_pdf_file" time="0.000"><error message="failed on setup with &quot;requests.exceptions.MissingSchema: Invalid URL '/api/auth/login': No scheme supplied. Perhaps you meant https:///api/auth/login?&quot;">E   requests.exceptions.MissingSchema: Invalid URL '/api/auth/login': No scheme supplied. Perhaps you meant https:///api/auth/login?</error></testcase><testcase classname="tests.test_upload.TestMultipleFileUpload" name="test_upload_multiple_files" time="0.000"><error message="failed on setup with &quot;requests.exceptions.MissingSchema: Invalid URL '/api/auth/login': No scheme supplied. Perhaps you meant https:///api/auth/login?&quot;">E   requests.exceptions.MissingSchema: Invalid URL '/api/auth/login': No scheme supplied. Perhaps you meant https:///api/auth/login?</error></testcase><testcase classname="tests.test_upload.TestFileDelete" name="test_delete_uploaded_file" time="0.000"><error message="failed on setup with &quot;requests.exceptions.MissingSchema: Invalid URL '/api/auth/login': No scheme supplied. Perhaps you meant https:///api/auth/login?&quot;">E   requests.exceptions.MissingSchema: Invalid URL '/api/auth/login': No scheme supplied. Perhaps you meant https:///api/auth/login?</error></testcase><testcase classname="tests.test_upload.TestPropertyWithMedia" name="test_create_property_with_images" time="0.000"><error message="failed on setup with &quot;requests.exceptions.MissingSchema: Invalid URL '/api/auth/login': No scheme supplied. Perhaps you meant https:///api/auth/login?&quot;">E   requests.exceptions.MissingSchema: Invalid URL '/api/auth/login': No scheme supplied. Perhaps you meant https:///api/auth/login?</error></testcase><testcase classname="tests.test_upload.TestPropertyWithMedia" name="test_create_property_with_videos" time="0.000"><error message="failed on setup with &quot;requests.exceptions.MissingSchema: Invalid URL '/api/auth/login': No scheme supplied. Perhaps you meant https:///api/auth/login?&quot;">E   requests.exceptions.MissingSchema: Invalid URL '/api/auth/login': No scheme supplied. Perhaps you meant https:///api/auth/login?</error></testcase></testsuite></testsuites>