<?xml version="1.0" encoding="utf-8"?><testsuites name="pytest tests"><testsuite name="pytest" errors="0" failures="0" skipped="0" tests="10" time="5.950" timestamp="2026-07-15T23:55:29.871134+00:00" hostname="agent-env-4681e42b-468e-4955-9b3c-41ecfd005d3a"><testcase classname="tests.test_job_chat_integration.TestJobChatIntegration" name="test_apply_to_job" time="4.561" /><testcase classname="tests.test_job_chat_integration.TestJobChatIntegration" name="test_poster_sees_application" time="0.175" /><testcase classname="tests.test_job_chat_integration.TestJobChatIntegration" name="test_job_fetch_endpoint" time="0.104" /><testcase classname="tests.test_job_chat_integration.TestJobChatIntegration" name="test_property_endpoint_returns_404_for_job_id" time="0.099" /><testcase classname="tests.test_job_chat_integration.TestJobChatIntegration" name="test_poster_sends_message" time="0.108" /><testcase classname="tests.test_job_chat_integration.TestJobChatIntegration" name="test_applicant_conversations_has_job_thread" time="0.128" /><testcase classname="tests.test_job_chat_integration.TestJobChatIntegration" name="test_applicant_sends_reply" time="0.142" /><testcase classname="tests.test_job_chat_integration.TestJobChatIntegration" name="test_poster_sees_two_messages" time="0.116" /><testcase classname="tests.test_job_chat_integration.TestJobChatIntegration" name="test_poster_conversations_has_job_thread" time="0.126" /><testcase classname="tests.test_job_chat_integration.TestJobChatIntegration" name="test_orphan_uuid_conversations_graceful" time="0.349" /></testsuite></testsuites>