<?xml version="1.0" encoding="utf-8"?><testsuites name="pytest tests"><testsuite name="pytest" errors="0" failures="0" skipped="0" tests="5" time="1.921" timestamp="2026-06-14T16:57:45.553866+00:00" hostname="agent-env-4681e42b-468e-4955-9b3c-41ecfd005d3a"><testcase classname="tests.test_language_pill" name="test_language_endpoint_requires_auth" time="0.632" /><testcase classname="tests.test_language_pill" name="test_language_invalid_value_rejected" time="0.138" /><testcase classname="tests.test_language_pill" name="test_set_language_to_he_persists" time="0.260" /><testcase classname="tests.test_language_pill" name="test_set_language_to_en_persists" time="0.239" /><testcase classname="tests.test_language_pill" name="test_cross_device_persistence" time="0.637" /></testsuite></testsuites>