<?xml version="1.0" encoding="utf-8"?><testsuites name="pytest tests"><testsuite name="pytest" errors="0" failures="0" skipped="0" tests="19" time="3.947" timestamp="2026-07-01T11:48:36.578639+00:00" hostname="agent-env-4681e42b-468e-4955-9b3c-41ecfd005d3a"><testcase classname="tests.test_marketplace.TestCategories" name="test_categories_returns_12_expected_slugs" time="0.223" /><testcase classname="tests.test_marketplace.TestGigCreate" name="test_create_gig_unauthenticated_rejected" time="0.115" /><testcase classname="tests.test_marketplace.TestGigCreate" name="test_create_gig_bad_category_returns_400" time="0.443" /><testcase classname="tests.test_marketplace.TestGigCreate" name="test_create_gig_whatsapp_mode_without_number_returns_400" time="0.142" /><testcase classname="tests.test_marketplace.TestGigCreate" name="test_create_gig_success_and_provider_trial_created" time="0.200" /><testcase classname="tests.test_marketplace.TestPublicBrowse" name="test_browse_returns_only_active_providers" time="0.208" /><testcase classname="tests.test_marketplace.TestPublicBrowse" name="test_filter_by_category" time="0.373" /><testcase classname="tests.test_marketplace.TestPublicBrowse" name="test_search_case_insensitive" time="0.105" /><testcase classname="tests.test_marketplace.TestGigOwnership" name="test_get_single_gig_has_provider_block" time="0.203" /><testcase classname="tests.test_marketplace.TestGigOwnership" name="test_patch_owned_gig_succeeds" time="0.104" /><testcase classname="tests.test_marketplace.TestGigOwnership" name="test_patch_by_other_user_returns_403" time="0.442" /><testcase classname="tests.test_marketplace.TestGigOwnership" name="test_patch_missing_gig_returns_404" time="0.103" /><testcase classname="tests.test_marketplace.TestGigOwnership" name="test_delete_by_other_user_returns_403" time="0.097" /><testcase classname="tests.test_marketplace.TestGigOwnership" name="test_delete_owned_gig_succeeds" time="0.204" /><testcase classname="tests.test_marketplace.TestBooking" name="test_book_whatsapp_gig_returns_400" time="0.218" /><testcase classname="tests.test_marketplace.TestBooking" name="test_book_in_platform_gig_succeeds" time="0.218" /><testcase classname="tests.test_marketplace.TestProviderAndSubscription" name="test_patch_provider_me" time="0.100" /><testcase classname="tests.test_marketplace.TestProviderAndSubscription" name="test_public_provider_returns_gigs" time="0.197" /><testcase classname="tests.test_marketplace.TestProviderAndSubscription" name="test_subscription_upgrade_flips_status" time="0.198" /></testsuite></testsuites>