<?xml version="1.0" encoding="utf-8"?><testsuites name="pytest tests"><testsuite name="pytest" errors="0" failures="0" skipped="0" tests="11" time="6.050" timestamp="2026-07-02T16:09:02.363987+00:00" hostname="agent-env-4681e42b-468e-4955-9b3c-41ecfd005d3a"><testcase classname="tests.test_marketplace_subscription.TestUpgrade" name="test_upgrade_unauthenticated_rejected" time="0.674" /><testcase classname="tests.test_marketplace_subscription.TestUpgrade" name="test_upgrade_returns_approval_url_and_sets_pending_row" time="0.932" /><testcase classname="tests.test_marketplace_subscription.TestUpgrade" name="test_upgrade_reuses_cached_plan_id" time="0.694" /><testcase classname="tests.test_marketplace_subscription.TestActivate" name="test_activate_before_paypal_approval_returns_pending" time="1.223" /><testcase classname="tests.test_marketplace_subscription.TestActivate" name="test_activate_without_pending_subscription_returns_400" time="0.127" /><testcase classname="tests.test_marketplace_subscription.TestCancel" name="test_cancel_with_no_active_subscription_returns_400" time="0.129" /><testcase classname="tests.test_marketplace_subscription.TestCancel" name="test_cancel_pending_subscription_is_idempotent" time="1.154" /><testcase classname="tests.test_marketplace_subscription.TestWebhookHandler" name="test_billing_subscription_activated_flips_provider_active" time="0.804" /><testcase classname="tests.test_marketplace_subscription.TestWebhookHandler" name="test_billing_subscription_cancelled_marks_cancelled" time="0.002" /><testcase classname="tests.test_marketplace_subscription.TestWebhookHandler" name="test_payment_sale_completed_routes_via_billing_agreement_id" time="0.272" /><testcase classname="tests.test_marketplace_subscription.TestWebhookHandler" name="test_webhook_no_matching_provider_is_noop" time="0.001" /></testsuite></testsuites>