<?xml version="1.0" encoding="utf-8"?><testsuites name="pytest tests"><testsuite name="pytest" errors="0" failures="0" skipped="0" tests="27" time="10.870" timestamp="2026-07-02T16:09:14.091210+00:00" hostname="agent-env-4681e42b-468e-4955-9b3c-41ecfd005d3a"><testcase classname="tests.test_marketplace.TestCategories" name="test_categories_returns_12_expected_slugs" time="0.166" /><testcase classname="tests.test_marketplace.TestGigCreate" name="test_create_gig_unauthenticated_rejected" time="0.107" /><testcase classname="tests.test_marketplace.TestGigCreate" name="test_create_gig_bad_category_returns_400" time="0.449" /><testcase classname="tests.test_marketplace.TestGigCreate" name="test_create_gig_whatsapp_mode_without_number_returns_400" time="0.115" /><testcase classname="tests.test_marketplace.TestGigCreate" name="test_create_gig_success_and_provider_trial_created" time="0.244" /><testcase classname="tests.test_marketplace.TestPublicBrowse" name="test_browse_returns_only_active_providers" time="0.244" /><testcase classname="tests.test_marketplace.TestPublicBrowse" name="test_filter_by_category" time="0.145" /><testcase classname="tests.test_marketplace.TestPublicBrowse" name="test_search_case_insensitive" time="0.120" /><testcase classname="tests.test_marketplace.TestGigOwnership" name="test_get_single_gig_has_provider_block" time="0.213" /><testcase classname="tests.test_marketplace.TestGigOwnership" name="test_patch_owned_gig_succeeds" time="0.126" /><testcase classname="tests.test_marketplace.TestGigOwnership" name="test_patch_by_other_user_returns_403" time="0.480" /><testcase classname="tests.test_marketplace.TestGigOwnership" name="test_patch_missing_gig_returns_404" time="0.150" /><testcase classname="tests.test_marketplace.TestGigOwnership" name="test_delete_by_other_user_returns_403" time="0.103" /><testcase classname="tests.test_marketplace.TestGigOwnership" name="test_delete_owned_gig_succeeds" time="0.199" /><testcase classname="tests.test_marketplace.TestBooking" name="test_book_whatsapp_gig_returns_400" time="0.231" /><testcase classname="tests.test_marketplace.TestBooking" name="test_book_in_platform_gig_succeeds" time="0.220" /><testcase classname="tests.test_marketplace.TestProviderAndSubscription" name="test_patch_provider_me" time="0.112" /><testcase classname="tests.test_marketplace.TestProviderAndSubscription" name="test_public_provider_returns_gigs" time="0.214" /><testcase classname="tests.test_marketplace.TestProviderAndSubscription" name="test_subscription_upgrade_returns_paypal_approval_url" time="0.616" /><testcase classname="tests.test_marketplace_reviews.TestReviewGuards" name="test_rating_6_returns_422" time="1.090" /><testcase classname="tests.test_marketplace_reviews.TestReviewGuards" name="test_rating_0_returns_422" time="0.288" /><testcase classname="tests.test_marketplace_reviews.TestReviewGuards" name="test_owner_cannot_review_own_gig" time="1.398" /><testcase classname="tests.test_marketplace_reviews.TestReviewGuards" name="test_post_review_no_auth_rejected" time="0.320" /><testcase classname="tests.test_marketplace_reviews.TestReviewGuards" name="test_post_review_nonexistent_gig_returns_404" time="0.308" /><testcase classname="tests.test_marketplace_reviews.TestReviewLifecycle" name="test_full_lifecycle" time="1.764" /><testcase classname="tests.test_marketplace_reviews.TestRatingsEmbedded" name="test_list_gigs_embeds_rating_fields" time="0.869" /><testcase classname="tests.test_marketplace_reviews.TestRatingsEmbedded" name="test_provider_public_embeds_rating_fields" time="0.509" /></testsuite></testsuites>