<?xml version="1.0" encoding="utf-8"?><testsuites name="pytest tests"><testsuite name="pytest" errors="0" failures="0" skipped="0" tests="8" time="3.818" timestamp="2026-07-01T12:33:11.418670+00:00" hostname="agent-env-4681e42b-468e-4955-9b3c-41ecfd005d3a"><testcase classname="tests.test_marketplace_reviews.TestReviewGuards" name="test_rating_6_returns_422" time="1.078" /><testcase classname="tests.test_marketplace_reviews.TestReviewGuards" name="test_rating_0_returns_422" time="0.215" /><testcase classname="tests.test_marketplace_reviews.TestReviewGuards" name="test_owner_cannot_review_own_gig" time="0.225" /><testcase classname="tests.test_marketplace_reviews.TestReviewGuards" name="test_post_review_no_auth_rejected" time="0.250" /><testcase classname="tests.test_marketplace_reviews.TestReviewGuards" name="test_post_review_nonexistent_gig_returns_404" time="0.208" /><testcase classname="tests.test_marketplace_reviews.TestReviewLifecycle" name="test_full_lifecycle" time="1.097" /><testcase classname="tests.test_marketplace_reviews.TestRatingsEmbedded" name="test_list_gigs_embeds_rating_fields" time="0.338" /><testcase classname="tests.test_marketplace_reviews.TestRatingsEmbedded" name="test_provider_public_embeds_rating_fields" time="0.362" /></testsuite></testsuites>