<?xml version="1.0" encoding="utf-8"?><testsuites name="pytest tests"><testsuite name="pytest" errors="0" failures="0" skipped="0" tests="38" time="14.501" timestamp="2026-07-02T17:10:31.767833+00:00" hostname="agent-env-4681e42b-468e-4955-9b3c-41ecfd005d3a"><testcase classname="tests.test_marketplace.TestCategories" name="test_categories_returns_12_expected_slugs" time="0.251" /><testcase classname="tests.test_marketplace.TestGigCreate" name="test_create_gig_unauthenticated_rejected" time="0.108" /><testcase classname="tests.test_marketplace.TestGigCreate" name="test_create_gig_bad_category_returns_400" time="0.440" /><testcase classname="tests.test_marketplace.TestGigCreate" name="test_create_gig_whatsapp_mode_without_number_returns_400" time="0.111" /><testcase classname="tests.test_marketplace.TestGigCreate" name="test_create_gig_success_and_provider_trial_created" time="0.222" /><testcase classname="tests.test_marketplace.TestPublicBrowse" name="test_browse_returns_only_active_providers" time="0.222" /><testcase classname="tests.test_marketplace.TestPublicBrowse" name="test_filter_by_category" time="0.116" /><testcase classname="tests.test_marketplace.TestPublicBrowse" name="test_search_case_insensitive" time="0.112" /><testcase classname="tests.test_marketplace.TestGigOwnership" name="test_get_single_gig_has_provider_block" time="0.215" /><testcase classname="tests.test_marketplace.TestGigOwnership" name="test_patch_owned_gig_succeeds" time="0.119" /><testcase classname="tests.test_marketplace.TestGigOwnership" name="test_patch_by_other_user_returns_403" time="0.449" /><testcase classname="tests.test_marketplace.TestGigOwnership" name="test_patch_missing_gig_returns_404" time="0.098" /><testcase classname="tests.test_marketplace.TestGigOwnership" name="test_delete_by_other_user_returns_403" time="0.100" /><testcase classname="tests.test_marketplace.TestGigOwnership" name="test_delete_owned_gig_succeeds" time="0.219" /><testcase classname="tests.test_marketplace.TestBooking" name="test_book_whatsapp_gig_returns_400" time="0.208" /><testcase classname="tests.test_marketplace.TestBooking" name="test_book_in_platform_gig_succeeds" time="0.224" /><testcase classname="tests.test_marketplace.TestProviderAndSubscription" name="test_patch_provider_me" time="0.110" /><testcase classname="tests.test_marketplace.TestProviderAndSubscription" name="test_public_provider_returns_gigs" time="0.226" /><testcase classname="tests.test_marketplace.TestProviderAndSubscription" name="test_subscription_upgrade_returns_paypal_approval_url" time="1.092" /><testcase classname="tests.test_marketplace_reviews.TestReviewGuards" name="test_rating_6_returns_422" time="1.011" /><testcase classname="tests.test_marketplace_reviews.TestReviewGuards" name="test_rating_0_returns_422" time="0.233" /><testcase classname="tests.test_marketplace_reviews.TestReviewGuards" name="test_owner_cannot_review_own_gig" time="0.220" /><testcase classname="tests.test_marketplace_reviews.TestReviewGuards" name="test_post_review_no_auth_rejected" time="0.222" /><testcase classname="tests.test_marketplace_reviews.TestReviewGuards" name="test_post_review_nonexistent_gig_returns_404" time="0.215" /><testcase classname="tests.test_marketplace_reviews.TestReviewLifecycle" name="test_full_lifecycle" time="1.198" /><testcase classname="tests.test_marketplace_reviews.TestRatingsEmbedded" name="test_list_gigs_embeds_rating_fields" time="0.323" /><testcase classname="tests.test_marketplace_reviews.TestRatingsEmbedded" name="test_provider_public_embeds_rating_fields" time="0.307" /><testcase classname="tests.test_marketplace_subscription.TestUpgrade" name="test_upgrade_unauthenticated_rejected" time="0.592" /><testcase classname="tests.test_marketplace_subscription.TestUpgrade" name="test_upgrade_returns_approval_url_and_sets_pending_row" time="0.668" /><testcase classname="tests.test_marketplace_subscription.TestUpgrade" name="test_upgrade_reuses_cached_plan_id" time="0.754" /><testcase classname="tests.test_marketplace_subscription.TestActivate" name="test_activate_before_paypal_approval_returns_pending" time="1.270" /><testcase classname="tests.test_marketplace_subscription.TestActivate" name="test_activate_without_pending_subscription_returns_400" time="0.168" /><testcase classname="tests.test_marketplace_subscription.TestCancel" name="test_cancel_with_no_active_subscription_returns_400" time="0.179" /><testcase classname="tests.test_marketplace_subscription.TestCancel" name="test_cancel_pending_subscription_is_idempotent" time="1.292" /><testcase classname="tests.test_marketplace_subscription.TestWebhookHandler" name="test_billing_subscription_activated_flips_provider_active" time="0.716" /><testcase classname="tests.test_marketplace_subscription.TestWebhookHandler" name="test_billing_subscription_cancelled_marks_cancelled" time="0.002" /><testcase classname="tests.test_marketplace_subscription.TestWebhookHandler" name="test_payment_sale_completed_routes_via_billing_agreement_id" time="0.436" /><testcase classname="tests.test_marketplace_subscription.TestWebhookHandler" name="test_webhook_no_matching_provider_is_noop" time="0.001" /></testsuite></testsuites>