<?xml version="1.0" encoding="utf-8"?><testsuites name="pytest tests"><testsuite name="pytest" errors="0" failures="0" skipped="0" tests="6" time="6.107" timestamp="2026-07-15T12:42:11.234759+00:00" hostname="agent-env-4681e42b-468e-4955-9b3c-41ecfd005d3a"><testcase classname="tests.test_my_jobs" name="test_my_jobs_returns_list_with_new_job" time="4.333" /><testcase classname="tests.test_my_jobs" name="test_applications_empty_initially" time="0.132" /><testcase classname="tests.test_my_jobs" name="test_apply_to_own_job_forbidden" time="0.103" /><testcase classname="tests.test_my_jobs" name="test_owner_can_apply_and_poster_sees_it" time="0.673" /><testcase classname="tests.test_my_jobs" name="test_applications_forbidden_for_non_poster" time="0.097" /><testcase classname="tests.test_my_jobs" name="test_patch_close_and_reopen" time="0.733" /></testsuite></testsuites>