<?xml version="1.0" encoding="utf-8"?><testsuites name="pytest tests"><testsuite name="pytest" errors="0" failures="0" skipped="0" tests="16" time="23.856" timestamp="2026-07-16T00:37:36.715797+00:00" hostname="agent-env-4681e42b-468e-4955-9b3c-41ecfd005d3a"><testcase classname="tests.test_notification_prefs.TestPreferences" name="test_get_returns_defaults_or_existing" time="0.615" /><testcase classname="tests.test_notification_prefs.TestPreferences" name="test_patch_mode_valid[instant]" time="0.223" /><testcase classname="tests.test_notification_prefs.TestPreferences" name="test_patch_mode_valid[both]" time="0.198" /><testcase classname="tests.test_notification_prefs.TestPreferences" name="test_patch_mode_valid[digest]" time="0.222" /><testcase classname="tests.test_notification_prefs.TestPreferences" name="test_patch_invalid_mode_400" time="0.114" /><testcase classname="tests.test_notification_prefs.TestSnooze" name="test_snooze_valid_category" time="0.240" /><testcase classname="tests.test_notification_prefs.TestSnooze" name="test_snooze_unknown_category_400" time="0.150" /><testcase classname="tests.test_notification_prefs.TestSnoozeConsume" name="test_valid_token_applies_snooze" time="0.281" /><testcase classname="tests.test_notification_prefs.TestSnoozeConsume" name="test_garbage_token_400" time="0.173" /><testcase classname="tests.test_notification_prefs.TestSnoozeConsume" name="test_wrong_purpose_token_400" time="0.093" /><testcase classname="tests.test_notification_prefs.TestDeeplinkConsume" name="test_valid_deeplink_returns_session_and_works" time="0.207" /><testcase classname="tests.test_notification_prefs.TestDeeplinkConsume" name="test_garbage_token_400" time="0.429" /><testcase classname="tests.test_notification_prefs.TestDeeplinkConsume" name="test_wrong_purpose_400" time="0.100" /><testcase classname="tests.test_notification_prefs.TestInstantEmailPath" name="test_instant_mode_triggers_email_attempt" time="7.217" /><testcase classname="tests.test_notification_prefs.TestInstantEmailPath" name="test_digest_mode_suppresses_instant" time="6.335" /><testcase classname="tests.test_notification_prefs.TestInstantEmailPath" name="test_snooze_suppresses_instant" time="7.210" /></testsuite></testsuites>