<?xml version="1.0" encoding="utf-8"?><testsuites name="pytest tests"><testsuite name="pytest" errors="0" failures="0" skipped="0" tests="6" time="3.672" timestamp="2026-03-30T16:41:08.404750+00:00" hostname="agent-env-8397ce90-4e79-46d0-9f74-0ff8df0210e1"><testcase classname="backend.tests.test_optional_fields.TestOptionalPropertyFields" name="test_create_property_without_description_and_address" time="0.601" /><testcase classname="backend.tests.test_optional_fields.TestOptionalPropertyFields" name="test_create_property_with_description_only" time="0.524" /><testcase classname="backend.tests.test_optional_fields.TestOptionalPropertyFields" name="test_create_property_with_address_only" time="0.593" /><testcase classname="backend.tests.test_optional_fields.TestOptionalPropertyFields" name="test_create_property_with_both_description_and_address" time="0.560" /><testcase classname="backend.tests.test_optional_fields.TestOptionalPropertyFields" name="test_create_property_with_empty_strings" time="0.509" /><testcase classname="backend.tests.test_optional_fields.TestOptionalPropertyFields" name="test_update_property_without_description_and_address" time="0.809" /></testsuite></testsuites>