<?xml version="1.0" encoding="utf-8"?><testsuites name="pytest tests"><testsuite name="pytest" errors="0" failures="0" skipped="0" tests="5" time="1.373" timestamp="2026-05-20T12:05:42.752900+00:00" hostname="agent-env-4681e42b-468e-4955-9b3c-41ecfd005d3a"><testcase classname="tests.test_owner_availability" name="test_owner_availability_owner_ok" time="0.510" /><testcase classname="tests.test_owner_availability" name="test_owner_availability_renter_forbidden" time="0.462" /><testcase classname="tests.test_owner_availability" name="test_owner_availability_unauthenticated" time="0.126" /><testcase classname="tests.test_owner_availability" name="test_preview_merge_stacked_route_removed" time="0.103" /><testcase classname="tests.test_owner_availability" name="test_owner_bookings_endpoint" time="0.151" /></testsuite></testsuites>