<?xml version="1.0" encoding="utf-8"?><testsuites name="pytest tests"><testsuite name="pytest" errors="0" failures="0" skipped="0" tests="16" time="11.788" timestamp="2026-05-04T11:40:08.377526+00:00" hostname="agent-env-4681e42b-468e-4955-9b3c-41ecfd005d3a"><testcase classname="tests.test_payments.TestDocumentServiceOrders" name="test_single_service_arnona_returns_150_and_persists" time="4.620" /><testcase classname="tests.test_payments.TestDocumentServiceOrders" name="test_bundle_returns_250" time="0.612" /><testcase classname="tests.test_payments.TestDocumentServiceOrders" name="test_empty_services_returns_400" time="0.131" /><testcase classname="tests.test_payments.TestDocumentServiceOrders" name="test_invalid_services_only_returns_400" time="0.106" /><testcase classname="tests.test_payments.TestSubleaseBookingOrders" name="test_2_5_percent_of_2000_is_50" time="0.559" /><testcase classname="tests.test_payments.TestSubleaseBookingOrders" name="test_negative_booking_amount_returns_400" time="0.112" /><testcase classname="tests.test_payments.TestSubleaseBookingOrders" name="test_zero_booking_amount_returns_400" time="0.140" /><testcase classname="tests.test_payments.TestSubleaseBookingOrders" name="test_eur_currency_returns_400" time="0.102" /><testcase classname="tests.test_payments.TestSubleaseBookingOrders" name="test_unknown_product_type_returns_400" time="0.146" /><testcase classname="tests.test_payments.TestOrderAccessControl" name="test_get_my_order_ok" time="1.319" /><testcase classname="tests.test_payments.TestOrderAccessControl" name="test_other_user_cannot_read_order" time="1.394" /><testcase classname="tests.test_payments.TestOrderAccessControl" name="test_unknown_order_id_returns_404" time="0.103" /><testcase classname="tests.test_payments.TestOrderAccessControl" name="test_payments_my_returns_only_caller_orders" time="0.799" /><testcase classname="tests.test_payments.TestCaptureBeforeApproval" name="test_capture_unapproved_order_returns_502" time="1.378" /><testcase classname="tests.test_payments.TestAuthRequired" name="test_create_order_without_token_is_401_or_403" time="0.108" /><testcase classname="tests.test_payments.TestAuthRequired" name="test_my_orders_without_token" time="0.106" /></testsuite></testsuites>