<?xml version="1.0" encoding="utf-8"?><testsuites name="pytest tests"><testsuite name="pytest" errors="0" failures="0" skipped="0" tests="5" time="1.975" timestamp="2026-07-13T05:18:58.990368+00:00" hostname="agent-env-4681e42b-468e-4955-9b3c-41ecfd005d3a"><testcase classname="tests.test_pricing_restore_single.TestPerRowRestore" name="test_admin_restores_quarantined" time="0.717" /><testcase classname="tests.test_pricing_restore_single.TestPerRowRestore" name="test_idempotent_noop_on_clean_row" time="0.134" /><testcase classname="tests.test_pricing_restore_single.TestPerRowRestore" name="test_unknown_id_returns_404" time="0.099" /><testcase classname="tests.test_pricing_restore_single.TestPerRowRestore" name="test_owner_forbidden" time="0.496" /><testcase classname="tests.test_pricing_restore_single.TestPerRowRestore" name="test_renter_forbidden" time="0.433" /></testsuite></testsuites>