<?xml version="1.0" encoding="utf-8"?><testsuites name="pytest tests"><testsuite name="pytest" errors="0" failures="0" skipped="0" tests="9" time="2.596" timestamp="2026-07-12T20:08:52.224771+00:00" hostname="agent-env-4681e42b-468e-4955-9b3c-41ecfd005d3a"><testcase classname="tests.test_pricing_autofix.TestPricingAutofix" name="test_autofix_totals_and_effects" time="0.528" /><testcase classname="tests.test_pricing_autofix.TestPricingAutofix" name="test_audit_skips_quarantined_and_fixed" time="0.211" /><testcase classname="tests.test_pricing_autofix.TestPricingAutofix" name="test_public_properties_hides_quarantined" time="0.210" /><testcase classname="tests.test_pricing_autofix.TestPricingAutofix" name="test_unquarantine_restores" time="0.228" /><testcase classname="tests.test_pricing_autofix.TestAuth" name="test_owner_forbidden_autofix" time="0.483" /><testcase classname="tests.test_pricing_autofix.TestAuth" name="test_renter_forbidden_autofix" time="0.428" /><testcase classname="tests.test_pricing_autofix.TestAuth" name="test_owner_forbidden_unquarantine" time="0.107" /><testcase classname="tests.test_pricing_autofix.TestAuth" name="test_renter_forbidden_unquarantine" time="0.100" /><testcase classname="tests.test_pricing_autofix.TestIdempotency" name="test_autofix_twice_clean_db" time="0.206" /></testsuite></testsuites>