<?xml version="1.0" encoding="utf-8"?><testsuites name="pytest tests"><testsuite name="pytest" errors="0" failures="0" skipped="0" tests="12" time="2.490" timestamp="2026-07-12T19:51:24.767259+00:00" hostname="agent-env-4681e42b-468e-4955-9b3c-41ecfd005d3a"><testcase classname="tests.test_pricing_audit.TestPricingAuditAuth" name="test_anonymous_forbidden" time="0.123" /><testcase classname="tests.test_pricing_audit.TestPricingAuditAuth" name="test_renter_forbidden" time="0.428" /><testcase classname="tests.test_pricing_audit.TestPricingAuditAuth" name="test_owner_forbidden" time="0.432" /><testcase classname="tests.test_pricing_audit.TestPricingAuditAuth" name="test_admin_ok" time="0.431" /><testcase classname="tests.test_pricing_audit.TestPricingAuditBuckets" name="test_buckets_contain_seeded_ids" time="0.169" /><testcase classname="tests.test_pricing_audit.TestPricingAuditBuckets" name="test_custom_thresholds" time="0.112" /><testcase classname="tests.test_pricing_audit.TestRouteOrderingRegression" name="test_check_duplicate_route_reachable" time="0.103" /><testcase classname="tests.test_pricing_audit.TestRouteOrderingRegression" name="test_get_property_by_id_still_works" time="0.206" /><testcase classname="tests.test_pricing_audit.TestRouteOrderingRegression" name="test_get_property_by_id_not_found" time="0.133" /><testcase classname="tests.test_pricing_audit.TestDuplicatesEndpoints" name="test_auto_resolve_admin" time="0.103" /><testcase classname="tests.test_pricing_audit.TestDuplicatesEndpoints" name="test_auto_resolve_non_admin" time="0.094" /><testcase classname="tests.test_pricing_audit.TestDuplicatesEndpoints" name="test_resolve_admin_bad_payload" time="0.115" /></testsuite></testsuites>