<?xml version="1.0" encoding="utf-8"?><testsuites name="pytest tests"><testsuite name="pytest" errors="0" failures="0" skipped="0" tests="14" time="2.749" timestamp="2026-03-30T01:26:32.447101+00:00" hostname="agent-env-8397ce90-4e79-46d0-9f74-0ff8df0210e1"><testcase classname="backend.tests.test_property_filters.TestPropertyFilters" name="test_get_all_properties_no_filters" time="0.246" /><testcase classname="backend.tests.test_property_filters.TestPropertyFilters" name="test_filter_min_bedrooms" time="0.203" /><testcase classname="backend.tests.test_property_filters.TestPropertyFilters" name="test_filter_has_elevator" time="0.118" /><testcase classname="backend.tests.test_property_filters.TestPropertyFilters" name="test_filter_condition_good" time="0.104" /><testcase classname="backend.tests.test_property_filters.TestPropertyFilters" name="test_filter_condition_renovated" time="0.119" /><testcase classname="backend.tests.test_property_filters.TestPropertyFilters" name="test_filter_max_floor" time="0.117" /><testcase classname="backend.tests.test_property_filters.TestPropertyFilters" name="test_filter_area_jerusalem" time="0.125" /><testcase classname="backend.tests.test_property_filters.TestPropertyFilters" name="test_filter_date_range" time="0.118" /><testcase classname="backend.tests.test_property_filters.TestPropertyFilters" name="test_filter_min_bathrooms" time="0.118" /><testcase classname="backend.tests.test_property_filters.TestPropertyFilters" name="test_filter_min_porches" time="0.115" /><testcase classname="backend.tests.test_property_filters.TestPropertyFilters" name="test_combined_filters" time="0.104" /><testcase classname="backend.tests.test_property_filters.TestAdminDashboard" name="test_admin_dashboard_requires_auth" time="0.108" /><testcase classname="backend.tests.test_property_filters.TestAdminDashboard" name="test_admin_dashboard_with_token" time="0.489" /><testcase classname="backend.tests.test_property_filters.TestAdminDashboard" name="test_admin_dashboard_non_admin_forbidden" time="0.482" /></testsuite></testsuites>