<?xml version="1.0" encoding="utf-8"?><testsuites name="pytest tests"><testsuite name="pytest" errors="0" failures="0" skipped="0" tests="10" time="4.635" timestamp="2026-03-29T18:23:12.975502+00:00" hostname="agent-env-8397ce90-4e79-46d0-9f74-0ff8df0210e1"><testcase classname="backend.tests.test_property_fields.TestAuthAndSetup" name="test_login_owner" time="0.421" /><testcase classname="backend.tests.test_property_fields.TestPropertyCreateWithNewFields" name="test_create_property_with_all_new_fields" time="0.701" /><testcase classname="backend.tests.test_property_fields.TestPropertyCreateWithNewFields" name="test_create_property_with_condition_partially_renovated" time="0.357" /><testcase classname="backend.tests.test_property_fields.TestPropertyCreateWithNewFields" name="test_create_property_with_condition_good" time="0.326" /><testcase classname="backend.tests.test_property_fields.TestPropertyCreateWithNewFields" name="test_create_property_with_usd_currency" time="0.325" /><testcase classname="backend.tests.test_property_fields.TestPropertyCreateWithNewFields" name="test_create_property_with_empty_amenities" time="0.343" /><testcase classname="backend.tests.test_property_fields.TestPropertyCreateWithNewFields" name="test_create_property_without_agent_fee" time="0.313" /><testcase classname="backend.tests.test_property_fields.TestPropertyCreateWithNewFields" name="test_create_property_with_furniture_options" time="0.996" /><testcase classname="backend.tests.test_property_fields.TestPropertyGetWithNewFields" name="test_get_property_returns_all_fields" time="0.634" /><testcase classname="backend.tests.test_property_fields.TestPropertyListWithNewFields" name="test_list_properties_includes_new_fields" time="0.112" /></testsuite></testsuites>