<?xml version="1.0" encoding="utf-8"?><testsuites name="pytest tests"><testsuite name="pytest" errors="0" failures="0" skipped="0" tests="47" time="36.127" timestamp="2026-04-23T06:24:08.044014+00:00" hostname="agent-env-4681e42b-468e-4955-9b3c-41ecfd005d3a"><testcase classname="tests.test_refactor_regression.TestAuth" name="test_login_ok" time="0.419" /><testcase classname="tests.test_refactor_regression.TestAuth" name="test_login_bad" time="0.321" /><testcase classname="tests.test_refactor_regression.TestAuth" name="test_me" time="0.107" /><testcase classname="tests.test_refactor_regression.TestAuth" name="test_me_unauth" time="0.100" /><testcase classname="tests.test_refactor_regression.TestAuth" name="test_forgot_password_idempotent" time="0.117" /><testcase classname="tests.test_refactor_regression.TestAuth" name="test_reset_password_invalid_token" time="0.102" /><testcase classname="tests.test_refactor_regression.TestAuth" name="test_change_password_wrong_current" time="0.326" /><testcase classname="tests.test_refactor_regression.TestProperties" name="test_list_properties" time="0.104" /><testcase classname="tests.test_refactor_regression.TestProperties" name="test_list_filters" time="0.383" /><testcase classname="tests.test_refactor_regression.TestProperties" name="test_get_property_404" time="0.108" /><testcase classname="tests.test_refactor_regression.TestProperties" name="test_crud_property" time="2.619" /><testcase classname="tests.test_refactor_regression.TestProperties" name="test_like_and_liked_lists" time="0.781" /><testcase classname="tests.test_refactor_regression.TestProperties" name="test_manager_properties" time="0.203" /><testcase classname="tests.test_refactor_regression.TestBookings" name="test_list_bookings_owner" time="0.114" /><testcase classname="tests.test_refactor_regression.TestBookings" name="test_list_bookings_renter" time="0.106" /><testcase classname="tests.test_refactor_regression.TestBookings" name="test_accept_booking_404" time="0.100" /><testcase classname="tests.test_refactor_regression.TestSubleases" name="test_list_subleases" time="0.123" /><testcase classname="tests.test_refactor_regression.TestSubleases" name="test_my_subleases" time="0.104" /><testcase classname="tests.test_refactor_regression.TestSubleases" name="test_public_sign_token_invalid" time="0.111" /><testcase classname="tests.test_refactor_regression.TestContracts" name="test_contract_template_en" time="0.113" /><testcase classname="tests.test_refactor_regression.TestContracts" name="test_contract_template_he" time="0.098" /><testcase classname="tests.test_refactor_regression.TestContracts" name="test_list_contracts" time="0.117" /><testcase classname="tests.test_refactor_regression.TestChat" name="test_conversations" time="0.115" /><testcase classname="tests.test_refactor_regression.TestNotifications" name="test_list_notifications" time="0.115" /><testcase classname="tests.test_refactor_regression.TestNotifications" name="test_read_all" time="0.106" /><testcase classname="tests.test_refactor_regression.TestNotifications" name="test_preferences" time="0.099" /><testcase classname="tests.test_refactor_regression.TestSavedSearches" name="test_saved_search_crud" time="0.319" /><testcase classname="tests.test_refactor_regression.TestIcal" name="test_blocked_dates_any_prop" time="0.211" /><testcase classname="tests.test_refactor_regression.TestIcal" name="test_ical_export_any_prop" time="0.201" /><testcase classname="tests.test_refactor_regression.TestAdmin" name="test_admin_dashboard_forbidden_for_owner" time="0.103" /><testcase classname="tests.test_refactor_regression.TestAdmin" name="test_admin_dashboard_unauth" time="0.101" /><testcase classname="tests.test_refactor_regression.TestAdmin" name="test_postmark_webhook_bad_secret" time="0.097" /><testcase classname="tests.test_refactor_regression.TestMisc" name="test_exchange_rate" time="0.113" /><testcase classname="tests.test_refactor_regression.TestMisc" name="test_translate" time="0.097" /><testcase classname="tests.test_refactor_regression.TestMisc" name="test_contact" time="0.101" /><testcase classname="tests.test_refactor_regression.TestMisc" name="test_upload_no_file" time="15.131" /><testcase classname="tests.test_refactor_regression.TestMisc" name="test_upload_file" time="11.330" /><testcase classname="tests.test_refactor_regression.TestRouterWiring" name="test_route_registered[/auth/me]" time="0.156" /><testcase classname="tests.test_refactor_regression.TestRouterWiring" name="test_route_registered[/properties]" time="0.116" /><testcase classname="tests.test_refactor_regression.TestRouterWiring" name="test_route_registered[/bookings]" time="0.121" /><testcase classname="tests.test_refactor_regression.TestRouterWiring" name="test_route_registered[/subleases]" time="0.124" /><testcase classname="tests.test_refactor_regression.TestRouterWiring" name="test_route_registered[/contracts]" time="0.110" /><testcase classname="tests.test_refactor_regression.TestRouterWiring" name="test_route_registered[/chat/conversations]" time="0.103" /><testcase classname="tests.test_refactor_regression.TestRouterWiring" name="test_route_registered[/notifications]" time="0.104" /><testcase classname="tests.test_refactor_regression.TestRouterWiring" name="test_route_registered[/saved-searches]" time="0.106" /><testcase classname="tests.test_refactor_regression.TestRouterWiring" name="test_route_registered[/admin/dashboard]" time="0.099" /><testcase classname="tests.test_refactor_regression.TestRouterWiring" name="test_route_registered[/exchange-rate]" time="0.101" /></testsuite></testsuites>