<?xml version="1.0" encoding="utf-8"?><testsuites name="pytest tests"><testsuite name="pytest" errors="0" failures="0" skipped="0" tests="12" time="22.821" timestamp="2026-04-22T20:39:54.261585+00:00" hostname="agent-env-4681e42b-468e-4955-9b3c-41ecfd005d3a"><testcase classname="backend.tests.test_saved_searches.TestSavedSearchCRUD" name="test_create_requires_auth" time="0.275" /><testcase classname="backend.tests.test_saved_searches.TestSavedSearchCRUD" name="test_create_saved_search" time="0.473" /><testcase classname="backend.tests.test_saved_searches.TestSavedSearchCRUD" name="test_create_dedupe" time="0.229" /><testcase classname="backend.tests.test_saved_searches.TestSavedSearchCRUD" name="test_list_saved_searches_excludes_id" time="0.122" /><testcase classname="backend.tests.test_saved_searches.TestSavedSearchCRUD" name="test_list_only_returns_own" time="0.453" /><testcase classname="backend.tests.test_saved_searches.TestSavedSearchCRUD" name="test_delete_other_user_forbidden" time="0.234" /><testcase classname="backend.tests.test_saved_searches.TestSavedSearchCRUD" name="test_delete_invalid_id_404" time="0.122" /><testcase classname="backend.tests.test_saved_searches.TestSavedSearchCRUD" name="test_delete_own" time="0.353" /><testcase classname="backend.tests.test_saved_searches.TestSavedSearchTriggers" name="test_property_create_triggers_alert" time="3.486" /><testcase classname="backend.tests.test_saved_searches.TestSavedSearchTriggers" name="test_price_drop_triggers_alert" time="5.752" /><testcase classname="backend.tests.test_saved_searches.TestSavedSearchTriggers" name="test_owner_not_notified_for_own_listing" time="3.453" /><testcase classname="backend.tests.test_saved_searches.TestSavedSearchTriggers" name="test_booking_cancel_triggers_booking_freed" time="7.831" /></testsuite></testsuites>