<?xml version="1.0" encoding="utf-8"?><testsuites name="pytest tests"><testsuite name="pytest" errors="0" failures="2" skipped="0" tests="25" time="72.887" timestamp="2026-07-02T17:10:53.851049+00:00" hostname="agent-env-4681e42b-468e-4955-9b3c-41ecfd005d3a"><testcase classname="tests.test_security_audit.TestSEC001AdminSelfRegistration" name="test_register_as_admin_rejected" time="15.146" /><testcase classname="tests.test_security_audit.TestSEC001AdminSelfRegistration" name="test_register_as_manager_rejected" time="15.161" /><testcase classname="tests.test_security_audit.TestSEC001AdminSelfRegistration" name="test_register_as_renter_succeeds" time="18.952" /><testcase classname="tests.test_security_audit.TestSEC001AdminSelfRegistration" name="test_register_as_owner_succeeds" time="0.355" /><testcase classname="tests.test_security_audit.TestSEC001AdminSelfRegistration" name="test_register_empty_role_rejected" time="0.106" /><testcase classname="tests.test_security_audit.TestSEC003ReDoS" name="test_pathological_regex_returns_promptly[(a+)+$]" time="0.105" /><testcase classname="tests.test_security_audit.TestSEC003ReDoS" name="test_pathological_regex_returns_promptly[((a+)+)+]" time="0.108" /><testcase classname="tests.test_security_audit.TestSEC003ReDoS" name="test_pathological_regex_returns_promptly[a{100,}]" time="0.104" /><testcase classname="tests.test_security_audit.TestSEC003ReDoS" name="test_pathological_regex_returns_promptly[(x|y|z)+.*]" time="0.119" /><testcase classname="tests.test_security_audit.TestSEC003ReDoS" name="test_pathological_regex_returns_promptly[aaaaaaaaaaaaaaaaaaaaaaaaaaaaaaaaaaaaaaaaaaaaaaaaaaaaaaaaaaaaaaaaaaaaaaaaaaaaaaaaaaaaaaaaaaaaaaaaaaaa]" time="0.128" /><testcase classname="tests.test_security_audit.TestSEC003ReDoS" name="test_pathological_regex_returns_promptly[!@#$%^&amp;*()_+-=[]{}|;':,.&lt;&gt;?/]" time="0.104" /><testcase classname="tests.test_security_audit.TestSEC004PathTraversal" name="test_traversal_rejected[../../etc/passwd]" time="0.455" /><testcase classname="tests.test_security_audit.TestSEC004PathTraversal" name="test_traversal_rejected[..%2F..%2Fetc%2Fpasswd]" time="0.322"><failure message="AssertionError: path='..%2F..%2Fetc%2Fpasswd' status=200&#10;assert 200 in (400, 404, 422)&#10; +  where 200 = &lt;Response [200]&gt;.status_code">E   AssertionError: path='..%2F..%2Fetc%2Fpasswd' status=200
    assert 200 in (400, 404, 422)
     +  where 200 = &lt;Response [200]&gt;.status_code</failure></testcase><testcase classname="tests.test_security_audit.TestSEC004PathTraversal" name="test_traversal_rejected[..\\..\\etc\\passwd]" time="0.168"><failure message="AssertionError: path='..\\..\\etc\\passwd' status=200&#10;assert 200 in (400, 404, 422)&#10; +  where 200 = &lt;Response [200]&gt;.status_code">E   AssertionError: path='..\\..\\etc\\passwd' status=200
    assert 200 in (400, 404, 422)
     +  where 200 = &lt;Response [200]&gt;.status_code</failure></testcase><testcase classname="tests.test_security_audit.TestSEC004PathTraversal" name="test_traversal_rejected[../../../root/.ssh/id_rsa]" time="0.103" /><testcase classname="tests.test_security_audit.TestSEC004PathTraversal" name="test_legit_local_delete_still_works" time="1.458" /><testcase classname="tests.test_security_audit.TestP3SecurityHeaders" name="test_headers_present[/marketplace/categories-GET]" time="0.098" /><testcase classname="tests.test_security_audit.TestP3SecurityHeaders" name="test_headers_present[/marketplace/gigs-GET]" time="0.116" /><testcase classname="tests.test_security_audit.TestP3SecurityHeaders" name="test_headers_present[/auth/login-POST]" time="0.107" /><testcase classname="tests.test_security_audit.TestP3RateLimits" name="test_login_email_rate_limit" time="1.265" /><testcase classname="tests.test_security_audit.TestP3RateLimits" name="test_forgot_password_rate_limit" time="0.602" /><testcase classname="tests.test_security_audit.TestP3RateLimits" name="test_cloudinary_signature_rate_limit" time="16.502" /><testcase classname="tests.test_security_audit.TestP3RateLimits" name="test_register_ip_rate_limit" time="0.101" /><testcase classname="tests.test_security_audit.TestP3ReviewCommentLength" name="test_comment_over_1000_rejected" time="0.689" /><testcase classname="tests.test_security_audit.TestSEC001AdminRoleGrantUnaffected" name="test_admin_login_works" time="0.463" /></testsuite></testsuites>