<?xml version="1.0" encoding="utf-8"?><testsuites name="pytest tests"><testsuite name="pytest" errors="0" failures="0" skipped="0" tests="29" time="47.674" timestamp="2026-07-02T17:18:05.261486+00:00" hostname="agent-env-4681e42b-468e-4955-9b3c-41ecfd005d3a"><testcase classname="tests.test_security_audit.TestSEC001AdminSelfRegistration" name="test_register_as_admin_rejected" time="0.150" /><testcase classname="tests.test_security_audit.TestSEC001AdminSelfRegistration" name="test_register_as_manager_rejected" time="0.095" /><testcase classname="tests.test_security_audit.TestSEC001AdminSelfRegistration" name="test_register_as_renter_succeeds" time="0.457" /><testcase classname="tests.test_security_audit.TestSEC001AdminSelfRegistration" name="test_register_as_owner_succeeds" time="0.341" /><testcase classname="tests.test_security_audit.TestSEC001AdminSelfRegistration" name="test_register_empty_role_rejected" time="0.100" /><testcase classname="tests.test_security_audit.TestSEC003ReDoS" name="test_pathological_regex_returns_promptly[(a+)+$]" time="0.165" /><testcase classname="tests.test_security_audit.TestSEC003ReDoS" name="test_pathological_regex_returns_promptly[((a+)+)+]" time="0.171" /><testcase classname="tests.test_security_audit.TestSEC003ReDoS" name="test_pathological_regex_returns_promptly[a{100,}]" time="0.179" /><testcase classname="tests.test_security_audit.TestSEC003ReDoS" name="test_pathological_regex_returns_promptly[(x|y|z)+.*]" time="0.165" /><testcase classname="tests.test_security_audit.TestSEC003ReDoS" name="test_pathological_regex_returns_promptly[aaaaaaaaaaaaaaaaaaaaaaaaaaaaaaaaaaaaaaaaaaaaaaaaaaaaaaaaaaaaaaaaaaaaaaaaaaaaaaaaaaaaaaaaaaaaaaaaaaaa]" time="0.218" /><testcase classname="tests.test_security_audit.TestSEC003ReDoS" name="test_pathological_regex_returns_promptly[!@#$%^&amp;*()_+-=[]{}|;':,.&lt;&gt;?/]" time="0.367" /><testcase classname="tests.test_security_audit.TestSEC004PathTraversal" name="test_traversal_rejected[../../etc/passwd]" time="0.503" /><testcase classname="tests.test_security_audit.TestSEC004PathTraversal" name="test_traversal_rejected[..%2F..%2Fetc%2Fpasswd]" time="0.102" /><testcase classname="tests.test_security_audit.TestSEC004PathTraversal" name="test_traversal_rejected[..\\..\\etc\\passwd]" time="0.102" /><testcase classname="tests.test_security_audit.TestSEC004PathTraversal" name="test_traversal_rejected[../../../root/.ssh/id_rsa]" time="10.117" /><testcase classname="tests.test_security_audit.TestSEC004PathTraversal" name="test_traversal_rejected[foo%2F%2E%2E%2Fbar]" time="0.120" /><testcase classname="tests.test_security_audit.TestSEC004PathTraversal" name="test_traversal_rejected[..%5C..%5Cetc%5Cpasswd]" time="0.106" /><testcase classname="tests.test_security_audit.TestSEC004PathTraversal" name="test_traversal_rejected[foo%00.jpg]" time="0.068" /><testcase classname="tests.test_security_audit.TestSEC004PathTraversal" name="test_legit_cloudinary_style_public_id_passes" time="0.356" /><testcase classname="tests.test_security_audit.TestSEC004PathTraversal" name="test_legit_local_delete_still_works" time="1.559" /><testcase classname="tests.test_security_audit.TestP3SecurityHeaders" name="test_headers_present[/marketplace/categories-GET]" time="0.112" /><testcase classname="tests.test_security_audit.TestP3SecurityHeaders" name="test_headers_present[/marketplace/gigs-GET]" time="0.118" /><testcase classname="tests.test_security_audit.TestP3SecurityHeaders" name="test_headers_present[/auth/login-POST]" time="0.103" /><testcase classname="tests.test_security_audit.TestP3RateLimits" name="test_login_email_rate_limit" time="11.285" /><testcase classname="tests.test_security_audit.TestP3RateLimits" name="test_forgot_password_rate_limit" time="0.632" /><testcase classname="tests.test_security_audit.TestP3RateLimits" name="test_cloudinary_signature_rate_limit" time="16.591" /><testcase classname="tests.test_security_audit.TestP3RateLimits" name="test_register_ip_rate_limit" time="2.080" /><testcase classname="tests.test_security_audit.TestP3ReviewCommentLength" name="test_comment_over_1000_rejected" time="0.720" /><testcase classname="tests.test_security_audit.TestSEC001AdminRoleGrantUnaffected" name="test_admin_login_works" time="0.538" /></testsuite></testsuites>