<?xml version="1.0" encoding="utf-8"?><testsuites name="pytest tests"><testsuite name="pytest" errors="0" failures="0" skipped="0" tests="12" time="3.108" timestamp="2026-06-22T12:28:52.879386+00:00" hostname="agent-env-4681e42b-468e-4955-9b3c-41ecfd005d3a"><testcase classname="tests.test_smart_pricing" name="test_baseline_no_factors_returns_base" time="0.000" /><testcase classname="tests.test_smart_pricing" name="test_weekend_premium_applies_friday_and_saturday" time="0.000" /><testcase classname="tests.test_smart_pricing" name="test_holiday_premium_pulls_name_into_factor_label" time="0.000" /><testcase classname="tests.test_smart_pricing" name="test_last_minute_discount_within_seven_days" time="0.000" /><testcase classname="tests.test_smart_pricing" name="test_lead_time_premium_for_far_future" time="0.000" /><testcase classname="tests.test_smart_pricing" name="test_min_max_clamp_floors_and_ceilings" time="0.000" /><testcase classname="tests.test_smart_pricing" name="test_high_demand_kicks_in_only_with_sufficient_sample" time="0.000" /><testcase classname="tests.test_smart_pricing" name="test_comparable_blend_pulls_toward_market_median" time="0.000" /><testcase classname="tests.test_smart_pricing" name="test_past_date_returns_base_with_empty_factors" time="0.000" /><testcase classname="tests.test_smart_pricing" name="test_http_settings_round_trip_and_calculate" time="1.211" /><testcase classname="tests.test_smart_pricing" name="test_http_blocks_non_vacation_rentals" time="0.640" /><testcase classname="tests.test_smart_pricing" name="test_http_other_owner_cannot_access" time="0.943" /></testsuite></testsuites>