<?xml version="1.0" encoding="utf-8"?><testsuites name="pytest tests"><testsuite name="pytest" errors="0" failures="0" skipped="0" tests="4" time="5.943" timestamp="2026-06-22T12:31:07.217366+00:00" hostname="agent-env-4681e42b-468e-4955-9b3c-41ecfd005d3a"><testcase classname="tests.test_smart_pricing_extra" name="test_patch_min_greater_than_max_returns_400" time="0.687" /><testcase classname="tests.test_smart_pricing_extra" name="test_calculate_factors_weekend_and_lastminute_in_window" time="0.891" /><testcase classname="tests.test_smart_pricing_extra" name="test_property_get_records_view_event_and_bumps_views" time="1.229" /><testcase classname="tests.test_smart_pricing_extra" name="test_applied_override_feeds_booking_total" time="2.869" /></testsuite></testsuites>