<?xml version="1.0" encoding="utf-8"?><testsuites name="pytest tests"><testsuite name="pytest" errors="0" failures="0" skipped="0" tests="7" time="4.778" timestamp="2026-07-16T01:57:54.547869+00:00" hostname="agent-env-4681e42b-468e-4955-9b3c-41ecfd005d3a"><testcase classname="tests.test_subcategory_filter" name="test_gigs_category_home_services_repair_count" time="0.244" /><testcase classname="tests.test_subcategory_filter" name="test_gigs_subcategory_plumbing_returns_tagged" time="0.108" /><testcase classname="tests.test_subcategory_filter" name="test_gigs_subcategory_electrical_empty" time="0.116" /><testcase classname="tests.test_subcategory_filter" name="test_jobs_subcategory_plumbing_no_crash" time="0.112" /><testcase classname="tests.test_subcategory_filter" name="test_create_gig_rejects_script_subcategory" time="0.460" /><testcase classname="tests.test_subcategory_filter" name="test_create_job_rejects_script_subcategory" time="0.131" /><testcase classname="tests.test_subcategory_filter" name="test_create_gig_accepts_longtail_slug" time="3.587" /></testsuite></testsuites>