<?xml version="1.0" encoding="utf-8"?><testsuites name="pytest tests"><testsuite name="pytest" errors="0" failures="0" skipped="0" tests="12" time="2.848" timestamp="2026-03-29T21:31:03.569651+00:00" hostname="agent-env-8397ce90-4e79-46d0-9f74-0ff8df0210e1"><testcase classname="backend.tests.test_upload.TestUploadAuthentication" name="test_upload_requires_auth" time="0.136" /><testcase classname="backend.tests.test_upload.TestImageUpload" name="test_upload_png_image" time="0.447" /><testcase classname="backend.tests.test_upload.TestImageUpload" name="test_upload_jpeg_image" time="0.116" /><testcase classname="backend.tests.test_upload.TestImageUpload" name="test_uploaded_file_accessible" time="0.227" /><testcase classname="backend.tests.test_upload.TestVideoUpload" name="test_upload_mp4_video" time="0.116" /><testcase classname="backend.tests.test_upload.TestVideoUpload" name="test_upload_webm_video" time="0.103" /><testcase classname="backend.tests.test_upload.TestUnsupportedFileTypes" name="test_reject_text_file" time="0.112" /><testcase classname="backend.tests.test_upload.TestUnsupportedFileTypes" name="test_reject_pdf_file" time="0.123" /><testcase classname="backend.tests.test_upload.TestMultipleFileUpload" name="test_upload_multiple_files" time="0.112" /><testcase classname="backend.tests.test_upload.TestFileDelete" name="test_delete_uploaded_file" time="0.350" /><testcase classname="backend.tests.test_upload.TestPropertyWithMedia" name="test_create_property_with_images" time="0.425" /><testcase classname="backend.tests.test_upload.TestPropertyWithMedia" name="test_create_property_with_videos" time="0.491" /></testsuite></testsuites>